<?xml version="1.0" encoding="UTF-8"?>
<testsuite name="Tests" tests="1" skipped="0" failures="1" errors="0" timestamp="2021-12-11T07:52:06" hostname="MATERIAL" time="0.252">
  <properties/>
  <testcase name="start" classname="Tests" time="0.252">
    <failure message="java.lang.AssertionError: Exception in test #6&#10;&#10;java.lang.StackOverflowError&#13;&#10;&#9;at metro.Main.PRINT_PATH(Main.java:113)&#13;&#10;&#9;at metro.Main.PRINT_PATH(Main.java:113)&#13;&#10;&#9;at metro.Main.PRINT_PATH(Main.java:113)&#13;&#10;&#9;at metro.Main.PRINT_PATH(Main.java:113)&#13;&#10;&#9;at metro.Main.PRINT_PATH(Main.java:113)&#13;&#10;&#9;at metro.Main.PRINT_PATH(Main.java:113)&#13;&#10;&#9;at metro.Main.PRINT_PATH(Main.java:113)&#13;&#10;&#9;at metro.Main.PRINT_PATH(Main.java:113)&#13;&#10;&#9;at metro.Main.PRINT_PATH(Main.java:113)&#13;&#10;&#9;at metro.Main.PRINT_PATH(Main.java:113)&#13;&#10;&#9;at metro.Main.PRINT_PATH(Main.java:113)&#13;&#10;&#9;at metro.Main.PRINT_PATH(Main.java:113)&#13;&#10;&#9;at metro.Main.PRINT_PATH(Main.java:113)&#13;&#10;&#9;at metro.Main.PRINT_PATH(Main.java:113)&#13;&#10;&#9;at metro.Main.PRINT_PATH(Main.java:113)&#13;&#10;&#9;at metro.Main.PRINT_PATH(Main.java:113)&#13;&#10;&#9;at metro.Main.PRINT_PATH(Main.java:113)&#13;&#10;&#9;at metro.Main.PRINT_PATH(Main.java:113)&#13;&#10;&#9;at metro.Main.PRINT_PATH(Main.java:113)&#13;&#10;&#9;at metro.Main.PRINT_PATH(Main.java:113)&#13;&#10;&#9;at metro.Main.PRINT_PATH(Main.java:113)&#13;&#10;&#9;at metro.Main.PRINT_PATH(Main.java:113)&#13;&#10;&#9;at metro.Main.PRINT_PATH(Main.java:113)&#13;&#10;&#9;at metro.Main.PRINT_PATH(Main.java:113)&#13;&#10;&#9;at metro.Main.PRINT_PATH(Main.java:113)&#13;&#10;&#9;at metro.Main.PRINT_PATH(Main.java:113)&#13;&#10;&#9;at metro.Main.PRINT_PATH(Main.java:113)&#13;&#10;&#9;at metro.Main.PRINT_PATH(Main.java:113)&#13;&#10;&#9;at metro.Main.PRINT_PATH(Main.java:113)&#13;&#10;&#9;at metro.Main.PRINT_PATH(Main.java:113)&#13;&#10;&#9;at metro.Main.PRINT_PATH(Main.java:113)&#13;&#10;&#9;at metro.Main.PRINT_PATH(Main.java:113)&#13;&#10;&#9;at metro.Main.PRINT_PATH(Main.java:113)&#13;&#10;&#9;at metro.Main.PRINT_PATH(Main.java:113)&#13;&#10;&#9;at metro.Main.PRINT_PATH(Main.java:113)&#13;&#10;&#9;at metro.Main.PRINT_PATH(Main.java:113)&#13;&#10;&#9;at metro.Main.PRINT_PATH(Main.java:113)&#13;&#10;&#9;at metro.Main.PRINT_PATH(Main.java:113)&#13;&#10;&#9;at metro.Main.PRINT_PATH(Main.java:113)&#13;&#10;&#9;at metro.Main.PRINT_PATH(Main.java:113)&#13;&#10;&#9;at metro.Main.PRINT_PATH(Main.java:113)&#13;&#10;&#9;at metro.Main.PRINT_PATH(Main.java:113)&#13;&#10;&#9;at metro.Main.PRINT_PATH(Main.java:113)&#13;&#10;&#9;at metro.Main.PRINT_PATH(Main.java:113)&#13;&#10;&#9;at metro.Main.PRINT_PATH(Main.java:113)&#13;&#10;&#9;at metro.Main.PRINT_PATH(Main.java:113)&#13;&#10;&#9;at metro.Main.PRINT_PATH(Main.java:113)&#13;&#10;&#9;at metro.Main.PRINT_PATH(Main.java:113)&#13;&#10;&#9;at metro.Main.PRINT_PATH(Main.java:113)&#13;&#10;&#9;at metro.Main.PRINT_PATH(Main.java:113)&#13;&#10;&#9;at metro.Main.PRINT_PATH(Main.java:113)&#13;&#10;&#9;at metro.Main.PRINT_PATH(Main.java:113)&#13;&#10;&#9;at metro.Main.PRINT_PATH(Main.java:113)&#13;&#10;&#9;at metro.Main.PRINT_PATH(Main.java:113)&#13;&#10;&#9;at metro.Main.PRINT_PATH(Main.java:113)&#13;&#10;&#9;at metro.Main.PRINT_PATH(Main.java:113)&#13;&#10;&#9;at metro.Main.PRINT_PATH(Main.java:113)&#13;&#10;&#9;at metro.Main.PRINT_PATH(Main.java:113)&#13;&#10;&#9;at metro.Main.PRINT_PATH(Main.java:113)&#13;&#10;&#9;at metro.Main.PRINT_PATH(Main.java:113)&#13;&#10;&#9;at metro.Main.PRINT_PATH(Main.java:113)&#13;&#10;&#9;at metro.Main.PRINT_PATH(Main.java:113)&#13;&#10;&#9;at metro.Main.PRINT_PATH(Main.java:113)&#13;&#10;&#9;at metro.Main.PRINT_PATH(Main.java:113)&#13;&#10;&#9;at metro.Main.PRINT_PATH(Main.java:113)&#13;&#10;&#9;at metro.Main.PRINT_PATH(Main.java:113)&#13;&#10;&#9;at metro.Main.PRINT_PATH(Main.java:113)&#13;&#10;&#9;at metro.Main.PRINT_PATH(Main.java:113)&#13;&#10;&#9;at metro.Main.PRINT_PATH(Main.java:113)&#13;&#10;&#9;at metro.Main.PRINT_PATH(Main.java:113)&#13;&#10;&#9;at metro.Main.PRINT_PATH(Main.java:113)&#13;&#10;&#9;at metro.Main.PRINT_PATH(Main.java:113)&#13;&#10;&#9;at metro.Main.PRINT_PATH(Main.java:113)&#13;&#10;&#9;at metro.Main.PRINT_PATH(Main.java:113)&#13;&#10;&#9;at metro.Main.PRINT_PATH(Main.java:113)&#13;&#10;&#9;at metro.Main.PRINT_PATH(Main.java:113)&#13;&#10;&#9;at metro.Main.PRINT_PATH(Main.java:113)&#13;&#10;&#9;at metro.Main.PRINT_PATH(Main.java:113)&#13;&#10;&#9;at metro.Main.PRINT_PATH(Main.java:113)&#13;&#10;&#9;at metro.Main.PRINT_PATH(Main.java:113)&#13;&#10;&#9;at metro.Main.PRINT_PATH(Main.java:113)&#13;&#10;&#9;at metro.Main.PRINT_PATH(Main.java:113)&#13;&#10;&#9;at metro.Main.PRINT_PATH(Main.java:113)&#13;&#10;&#9;at metro.Main.PRINT_PATH(Main.java:113)&#13;&#10;&#9;at metro.Main.PRINT_PATH(Main.java:113)&#13;&#10;&#9;at metro.Main.PRINT_PATH(Main.java:113)&#13;&#10;&#9;at metro.Main.PRINT_PATH(Main.java:113)&#13;&#10;&#9;at metro.Main.PRINT_PATH(Main.java:113)&#13;&#10;&#9;at metro.Main.PRINT_PATH(Main.java:113)&#13;&#10;&#9;at metro.Main.PRINT_PATH(Main.java:113)&#13;&#10;&#9;at metro.Main.PRINT_PATH(Main.java:113)&#13;&#10;&#9;at metro.Main.PRINT_PATH(Main.java:113)&#13;&#10;&#9;at metro.Main.PRINT_PATH(Main.java:113)&#13;&#10;&#9;at metro.Main.PRINT_PATH(Main.java:113)&#13;&#10;&#9;at metro.Main.PRINT_PATH(Main.java:113)&#13;&#10;&#9;at metro.Main.PRINT_PATH(Main.java:113)&#13;&#10;&#9;at metro.Main.PRINT_PATH(Main.java:113)&#13;&#10;&#9;at metro.Main.PRINT_PATH(Main.java:113)&#13;&#10;&#9;at metro.Main.PRINT_PATH(Main.java:113)&#13;&#10;&#9;at metro.Main.PRINT_PATH(Main.java:113)&#13;&#10;&#9;at metro.Main.PRINT_PATH(Main.java:113)&#13;&#10;&#9;at metro.Main.PRINT_PATH(Main.java:113)&#13;&#10;&#9;at metro.Main.PRINT_PATH(Main.java:113)&#13;&#10;&#9;at metro.Main.PRINT_PATH(Main.java:113)&#13;&#10;&#9;at metro.Main.PRINT_PATH(Main.java:113)&#13;&#10;&#9;at metro.Main.PRINT_PATH(Main.java:113)&#13;&#10;&#9;at metro.Main.PRINT_PATH(Main.java:113)&#13;&#10;&#9;at metro.Main.PRINT_PATH(Main.java:113)&#13;&#10;&#9;at metro.Main.PRINT_PATH(Main.java:113)&#13;&#10;&#9;at metro.Main.PRINT_PATH(Main.java:113)&#13;&#10;&#9;at metro.Main.PRINT_PATH(Main.java:113)&#13;&#10;&#9;at metro.Main.PRINT_PATH(Main.java:113)&#13;&#10;&#9;at metro.Main.PRINT_PATH(Main.java:113)&#13;&#10;&#9;at metro.Main.PRINT_PATH(Main.java:113)&#13;&#10;&#9;at metro.Main.PRINT_PATH(Main.java:113)&#13;&#10;&#9;at metro.Main.PRINT_PATH(Main.java:113)&#13;&#10;&#9;at metro.Main.PRINT_PATH(Main.java:113)&#13;&#10;&#9;at metro.Main.PRINT_PATH(Main.java:113)&#13;&#10;&#9;at metro.Main.PRINT_PATH(Main.java:113)&#13;&#10;&#9;at metro.Main.PRINT_PATH(Main.java:113)&#13;&#10;&#9;at metro.Main.PRINT_PATH(Main.java:113)&#13;&#10;&#9;at metro.Main.PRINT_PATH(Main.java:113)&#13;&#10;&#9;at metro.Main.PRINT_PATH(Main.java:113)&#13;&#10;&#9;at metro.Main.PRINT_PATH(Main.java:113)&#13;&#10;&#9;at metro.Main.PRINT_PATH(Main.java:113)&#13;&#10;&#9;at metro.Main.PRINT_PATH(Main.java:113)&#13;&#10;&#9;at metro.Main.PRINT_PATH(Main.java:113)&#13;&#10;&#9;at metro.Main.PRINT_PATH(Main.java:113)&#13;&#10;&#9;at metro.Main.PRINT_PATH(Main.java:113)&#13;&#10;&#9;at metro.Main.PRINT_PATH(Main.java:113)&#13;&#10;&#9;at metro.Main.PRINT_PATH(Main.java:113)&#13;&#10;&#9;at metro.Main.PRINT_PATH(Main.java:113)&#13;&#10;&#9;at metro.Main.PRINT_PATH(Main.java:113)&#13;&#10;&#9;at metro.Main.PRINT_PATH(Main.java:113)&#13;&#10;&#9;at metro.Main.PRINT_PATH(Main.java:113)&#13;&#10;&#9;at metro.Main.PRINT_PATH(Main.java:113)&#13;&#10;&#9;at metro.Main.PRINT_PATH(Main.java:113)&#13;&#10;&#9;at metro.Main.PRINT_PATH(Main.java:113)&#13;&#10;&#9;at metro.Main.PRINT_PATH(Main.java:113)&#13;&#10;&#9;at metro.Main.PRINT_PATH(Main.java:113)&#13;&#10;&#9;at metro.Main.PRINT_PATH(Main.java:113)&#13;&#10;&#9;at metro.Main.PRINT_PATH(Main.java:113)&#13;&#10;&#9;at metro.Main.PRINT_PATH(Main.java:113)&#13;&#10;&#9;at metro.Main.PRINT_PATH(Main.java:113)&#13;&#10;&#9;at metro.Main.PRINT_PATH(Main.java:113)&#13;&#10;&#9;at metro.Main.PRINT_PATH(Main.java:113)&#13;&#10;&#9;at metro.Main.PRINT_PATH(Main.java:113)&#13;&#10;&#9;at metro.Main.PRINT_PATH(Main.java:113)&#13;&#10;&#9;at metro.Main.PRINT_PATH(Main.java:113)&#13;&#10;&#9;at metro.Main.PRINT_PATH(Main.java:113)&#13;&#10;&#9;at metro.Main.PRINT_PATH(Main.java:113)&#13;&#10;&#9;at metro.Main.PRINT_PATH(Main.java:113)&#13;&#10;&#9;at metro.Main.PRINT_PATH(Main.java:113)&#13;&#10;&#9;at metro.Main.PRINT_PATH(Main.java:113)&#13;&#10;&#9;at metro.Main.PRINT_PATH(Main.java:113)&#13;&#10;&#9;at metro.Main.PRINT_PATH(Main.java:113)&#13;&#10;&#9;at metro.Main.PRINT_PATH(Main.java:113)&#13;&#10;&#9;at metro.Main.PRINT_PATH(Main.java:113)&#13;&#10;&#9;at metro.Main.PRINT_PATH(Main.java:113)&#13;&#10;&#9;at metro.Main.PRINT_PATH(Main.java:113)&#13;&#10;&#9;at metro.Main.PRINT_PATH(Main.java:113)&#13;&#10;&#9;at metro.Main.PRINT_PATH(Main.java:113)&#13;&#10;&#9;at metro.Main.PRINT_PATH(Main.java:113)&#13;&#10;&#9;at metro.Main.PRINT_PATH(Main.java:113)&#13;&#10;&#9;at metro.Main.PRINT_PATH(Main.java:113)&#13;&#10;&#9;at metro.Main.PRINT_PATH(Main.java:113)&#13;&#10;&#9;at metro.Main.PRINT_PATH(Main.java:113)&#13;&#10;&#9;at metro.Main.PRINT_PATH(Main.java:113)&#13;&#10;&#9;at metro.Main.PRINT_PATH(Main.java:113)&#13;&#10;&#9;at metro.Main.PRINT_PATH(Main.java:113)&#13;&#10;&#9;at metro.Main.PRINT_PATH(Main.java:113)&#13;&#10;&#9;at metro.Main.PRINT_PATH(Main.java:113)&#13;&#10;&#9;at metro.Main.PRINT_PATH(Main.java:113)&#13;&#10;&#9;at metro.Main.PRINT_PATH(Main.java:113)&#13;&#10;&#9;at metro.Main.PRINT_PATH(Main.java:113)&#13;&#10;&#9;at metro.Main.PRINT_PATH(Main.java:113)&#13;&#10;&#9;at metro.Main.PRINT_PATH(Main.java:113)&#13;&#10;&#9;at metro.Main.PRINT_PATH(Main.java:113)&#13;&#10;&#9;at metro.Main.PRINT_PATH(Main.java:113)&#13;&#10;&#9;at metro.Main.PRINT_PATH(Main.java:113)&#13;&#10;&#9;at metro.Main.PRINT_PATH(Main.java:113)&#13;&#10;&#9;at metro.Main.PRINT_PATH(Main.java:113)&#13;&#10;&#9;at metro.Main.PRINT_PATH(Main.java:113)&#13;&#10;&#9;at metro.Main.PRINT_PATH(Main.java:113)&#13;&#10;&#9;at metro.Main.PRINT_PATH(Main.java:113)&#13;&#10;&#9;at metro.Main.PRINT_PATH(Main.java:113)&#13;&#10;&#9;at metro.Main.PRINT_PATH(Main.java:113)&#13;&#10;&#9;at metro.Main.PRINT_PATH(Main.java:113)&#13;&#10;&#9;at metro.Main.PRINT_PATH(Main.java:113)&#13;&#10;&#9;at metro.Main.PRINT_PATH(Main.java:113)&#13;&#10;&#9;at metro.Main.PRINT_PATH(Main.java:113)&#13;&#10;&#9;at metro.Main.PRINT_PATH(Main.java:113)&#13;&#10;&#9;at metro.Main.PRINT_PATH(Main.java:113)&#13;&#10;&#9;at metro.Main.PRINT_PATH(Main.java:113)&#13;&#10;&#9;at metro.Main.PRINT_PATH(Main.java:113)&#13;&#10;&#9;at metro.Main.PRINT_PATH(Main.java:113)&#13;&#10;&#9;at metro.Main.PRINT_PATH(Main.java:113)&#13;&#10;&#9;at metro.Main.PRINT_PATH(Main.java:113)&#13;&#10;&#9;at metro.Main.PRINT_PATH(Main.java:113)&#13;&#10;&#9;at metro.Main.PRINT_PATH(Main.java:113)&#13;&#10;&#9;at metro.Main.PRINT_PATH(Main.java:113)&#13;&#10;&#9;at metro.Main.PRINT_PATH(Main.java:113)&#13;&#10;&#9;at metro.Main.PRINT_PATH(Main.java:113)&#13;&#10;&#9;at metro.Main.PRINT_PATH(Main.java:113)&#13;&#10;&#9;at metro.Main.PRINT_PATH(Main.java:113)&#13;&#10;&#9;at metro.Main.PRINT_PATH(Main.java:113)&#13;&#10;&#9;at metro.Main.PRINT_PATH(Main.java:113)&#13;&#10;&#9;at metro.Main.PRINT_PATH(Main.java:113)&#13;&#10;&#9;at metro.Main.PRINT_PATH(Main.java:113)&#13;&#10;&#9;at metro.Main.PRINT_PATH(Main.java:113)&#13;&#10;&#9;at metro.Main.PRINT_PATH(Main.java:113)&#13;&#10;&#9;at metro.Main.PRINT_PATH(Main.java:113)&#13;&#10;&#9;at metro.Main.PRINT_PATH(Main.java:113)&#13;&#10;&#9;at metro.Main.PRINT_PATH(Main.java:113)&#13;&#10;&#9;at metro.Main.PRINT_PATH(Main.java:113)&#13;&#10;&#9;at metro.Main.PRINT_PATH(Main.java:113)&#13;&#10;&#9;at metro.Main.PRINT_PATH(Main.java:113)&#13;&#10;&#9;at metro.Main.PRINT_PATH(Main.java:113)&#13;&#10;&#9;at metro.Main.PRINT_PATH(Main.java:113)&#13;&#10;&#9;at metro.Main.PRINT_PATH(Main.java:113)&#13;&#10;&#9;at metro.Main.PRINT_PATH(Main.java:113)&#13;&#10;&#9;at metro.Main.PRINT_PATH(Main.java:113)&#13;&#10;&#9;at metro.Main.PRINT_PATH(Main.java:113)&#13;&#10;&#9;at metro.Main.PRINT_PATH(Main.java:113)&#13;&#10;&#9;at metro.Main.PRINT_PATH(Main.java:113)&#13;&#10;&#9;at metro.Main.PRINT_PATH(Main.java:113)&#13;&#10;&#9;at metro.Main.PRINT_PATH(Main.java:113)&#13;&#10;&#9;at metro.Main.PRINT_PATH(Main.java:113)&#13;&#10;&#9;at metro.Main.PRINT_PATH(Main.java:113)&#13;&#10;&#9;at metro.Main.PRINT_PATH(Main.java:113)&#13;&#10;&#9;at metro.Main.PRINT_PATH(Main.java:113)&#13;&#10;&#9;at metro.Main.PRINT_PATH(Main.java:113)&#13;&#10;&#9;at metro.Main.PRINT_PATH(Main.java:113)&#13;&#10;&#9;at metro.Main.PRINT_PATH(Main.java:113)&#13;&#10;&#9;at metro.Main.PRINT_PATH(Main.java:113)&#13;&#10;&#9;at metro.Main.PRINT_PATH(Main.java:113)&#13;&#10;&#9;at metro.Main.PRINT_PATH(Main.java:113)&#13;&#10;&#9;at metro.Main.PRINT_PATH(Main.java:113)&#13;&#10;&#9;at metro.Main.PRINT_PATH(Main.java:113)&#13;&#10;&#9;at metro.Main.PRINT_PATH(Main.java:113)&#13;&#10;&#9;at metro.Main.PRINT_PATH(Main.java:113)&#13;&#10;&#9;at metro.Main.PRINT_PATH(Main.java:113)&#13;&#10;&#9;at metro.Main.PRINT_PATH(Main.java:113)&#13;&#10;&#9;at metro.Main.PRINT_PATH(Main.java:113)&#13;&#10;&#9;at metro.Main.PRINT_PATH(Main.java:113)&#13;&#10;&#9;at metro.Main.PRINT_PATH(Main.java:113)&#13;&#10;&#9;at metro.Main.PRINT_PATH(Main.java:113)&#13;&#10;&#9;at metro.Main.PRINT_PATH(Main.java:113)&#13;&#10;&#9;at metro.Main.PRINT_PATH(Main.java:113)&#13;&#10;&#9;at metro.Main.PRINT_PATH(Main.java:113)&#13;&#10;&#9;at metro.Main.PRINT_PATH(Main.java:113)&#13;&#10;&#9;at metro.Main.PRINT_PATH(Main.java:113)&#13;&#10;&#9;at metro.Main.PRINT_PATH(Main.java:113)&#13;&#10;&#9;at metro.Main.PRINT_PATH(Main.java:113)&#13;&#10;&#9;at metro.Main.PRINT_PATH(Main.java:113)&#13;&#10;&#9;at metro.Main.PRINT_PATH(Main.java:113)&#13;&#10;&#9;at metro.Main.PRINT_PATH(Main.java:113)&#13;&#10;&#9;at metro.Main.PRINT_PATH(Main.java:113)&#13;&#10;&#9;at metro.Main.PRINT_PATH(Main.java:113)&#13;&#10;&#9;at metro.Main.PRINT_PATH(Main.java:113)&#13;&#10;&#9;at metro.Main.PRINT_PATH(Main.java:113)&#13;&#10;&#9;at metro.Main.PRINT_PATH(Main.java:113)&#13;&#10;&#9;at metro.Main.PRINT_PATH(Main.java:113)&#13;&#10;&#9;at metro.Main.PRINT_PATH(Main.java:113)&#13;&#10;&#9;at metro.Main.PRINT_PATH(Main.java:113)&#13;&#10;&#9;at metro.Main.PRINT_PATH(Main.java:113)&#13;&#10;&#9;at metro.Main.PRINT_PATH(Main.java:113)&#13;&#10;&#9;at metro.Main.PRINT_PATH(Main.java:113)&#13;&#10;&#9;at metro.Main.PRINT_PATH(Main.java:113)&#13;&#10;&#9;at metro.Main.PRINT_PATH(Main.java:113)&#13;&#10;&#9;at metro.Main.PRINT_PATH(Main.java:113)&#13;&#10;&#9;at metro.Main.PRINT_PATH(Main.java:113)&#13;&#10;&#9;at metro.Main.PRINT_PATH(Main.java:113)&#13;&#10;&#9;at metro.Main.PRINT_PATH(Main.java:113)&#13;&#10;&#9;at metro.Main.PRINT_PATH(Main.java:113)&#13;&#10;&#9;at metro.Main.PRINT_PATH(Main.java:113)&#13;&#10;&#9;at metro.Main.PRINT_PATH(Main.java:113)&#13;&#10;&#9;at metro.Main.PRINT_PATH(Main.java:113)&#13;&#10;&#9;at metro.Main.PRINT_PATH(Main.java:113)&#13;&#10;&#9;at metro.Main.PRINT_PATH(Main.java:113)&#13;&#10;&#9;at metro.Main.PRINT_PATH(Main.java:113)&#13;&#10;&#9;at metro.Main.PRINT_PATH(Main.java:113)&#13;&#10;&#9;at metro.Main.PRINT_PATH(Main.java:113)&#13;&#10;&#9;at metro.Main.PRINT_PATH(Main.java:113)&#13;&#10;&#9;at metro.Main.PRINT_PATH(Main.java:113)&#13;&#10;&#9;at metro.Main.PRINT_PATH(Main.java:113)&#13;&#10;&#9;at metro.Main.PRINT_PATH(Main.java:113)&#13;&#10;&#9;at metro.Main.PRINT_PATH(Main.java:113)&#13;&#10;&#9;at metro.Main.PRINT_PATH(Main.java:113)&#13;&#10;&#9;at metro.Main.PRINT_PATH(Main.java:113)&#13;&#10;&#9;at metro.Main.PRINT_PATH(Main.java:113)&#13;&#10;&#9;at metro.Main.PRINT_PATH(Main.java:113)&#13;&#10;&#9;at metro.Main.PRINT_PATH(Main.java:113)&#13;&#10;&#9;at metro.Main.PRINT_PATH(Main.java:113)&#13;&#10;&#9;at metro.Main.PRINT_PATH(Main.java:113)&#13;&#10;&#9;at metro.Main.PRINT_PATH(Main.java:113)&#13;&#10;&#9;at metro.Main.PRINT_PATH(Main.java:113)&#13;&#10;&#9;at metro.Main.PRINT_PATH(Main.java:113)&#13;&#10;&#9;at metro.Main.PRINT_PATH(Main.java:113)&#13;&#10;&#9;at metro.Main.PRINT_PATH(Main.java:113)&#13;&#10;&#9;at metro.Main.PRINT_PATH(Main.java:113)&#13;&#10;&#9;at metro.Main.PRINT_PATH(Main.java:113)&#13;&#10;&#9;at metro.Main.PRINT_PATH(Main.java:113)&#13;&#10;&#9;at metro.Main.PRINT_PATH(Main.java:113)&#13;&#10;&#9;at metro.Main.PRINT_PATH(Main.java:113)&#13;&#10;&#9;at metro.Main.PRINT_PATH(Main.java:113)&#13;&#10;&#9;at metro.Main.PRINT_PATH(Main.java:113)&#13;&#10;&#9;at metro.Main.PRINT_PATH(Main.java:113)&#13;&#10;&#9;at metro.Main.PRINT_PATH(Main.java:113)&#13;&#10;&#9;at metro.Main.PRINT_PATH(Main.java:113)&#13;&#10;&#9;at metro.Main.PRINT_PATH(Main.java:113)&#13;&#10;&#9;at metro.Main.PRINT_PATH(Main.java:113)&#13;&#10;&#9;at metro.Main.PRINT_PATH(Main.java:113)&#13;&#10;&#9;at metro.Main.PRINT_PATH(Main.java:113)&#13;&#10;&#9;at metro.Main.PRINT_PATH(Main.java:113)&#13;&#10;&#9;at metro.Main.PRINT_PATH(Main.java:113)&#13;&#10;&#9;at metro.Main.PRINT_PATH(Main.java:113)&#13;&#10;&#9;at metro.Main.PRINT_PATH(Main.java:113)&#13;&#10;&#9;at metro.Main.PRINT_PATH(Main.java:113)&#13;&#10;&#9;at metro.Main.PRINT_PATH(Main.java:113)&#13;&#10;&#9;at metro.Main.PRINT_PATH(Main.java:113)&#13;&#10;&#9;at metro.Main.PRINT_PATH(Main.java:113)&#13;&#10;&#9;at metro.Main.PRINT_PATH(Main.java:113)&#13;&#10;&#9;at metro.Main.PRINT_PATH(Main.java:113)&#13;&#10;&#9;at metro.Main.PRINT_PATH(Main.java:113)&#13;&#10;&#9;at metro.Main.PRINT_PATH(Main.java:113)&#13;&#10;&#9;at metro.Main.PRINT_PATH(Main.java:113)&#13;&#10;&#9;at metro.Main.PRINT_PATH(Main.java:113)&#13;&#10;&#9;at metro.Main.PRINT_PATH(Main.java:113)&#13;&#10;&#9;at metro.Main.PRINT_PATH(Main.java:113)&#13;&#10;&#9;at metro.Main.PRINT_PATH(Main.java:113)&#13;&#10;&#9;at metro.Main.PRINT_PATH(Main.java:113)&#13;&#10;&#9;at metro.Main.PRINT_PATH(Main.java:113)&#13;&#10;&#9;at metro.Main.PRINT_PATH(Main.java:113)&#13;&#10;&#9;at metro.Main.PRINT_PATH(Main.java:113)&#13;&#10;&#9;at metro.Main.PRINT_PATH(Main.java:113)&#13;&#10;&#9;at metro.Main.PRINT_PATH(Main.java:113)&#13;&#10;&#9;at metro.Main.PRINT_PATH(Main.java:113)&#13;&#10;&#9;at metro.Main.PRINT_PATH(Main.java:113)&#13;&#10;&#9;at metro.Main.PRINT_PATH(Main.java:113)&#13;&#10;&#9;at metro.Main.PRINT_PATH(Main.java:113)&#13;&#10;&#9;at metro.Main.PRINT_PATH(Main.java:113)&#13;&#10;&#9;at metro.Main.PRINT_PATH(Main.java:113)&#13;&#10;&#9;at metro.Main.PRINT_PATH(Main.java:113)&#13;&#10;&#9;at metro.Main.PRINT_PATH(Main.java:113)&#13;&#10;&#9;at metro.Main.PRINT_PATH(Main.java:113)&#13;&#10;&#9;at metro.Main.PRINT_PATH(Main.java:113)&#13;&#10;&#9;at metro.Main.PRINT_PATH(Main.java:113)&#13;&#10;&#9;at metro.Main.PRINT_PATH(Main.java:113)&#13;&#10;&#9;at metro.Main.PRINT_PATH(Main.java:113)&#13;&#10;&#9;at metro.Main.PRINT_PATH(Main.java:113)&#13;&#10;&#9;at metro.Main.PRINT_PATH(Main.java:113)&#13;&#10;&#9;at metro.Main.PRINT_PATH(Main.java:113)&#13;&#10;&#9;at metro.Main.PRINT_PATH(Main.java:113)&#13;&#10;&#9;at metro.Main.PRINT_PATH(Main.java:113)&#13;&#10;&#9;at metro.Main.PRINT_PATH(Main.java:113)&#13;&#10;&#9;at metro.Main.PRINT_PATH(Main.java:113)&#13;&#10;&#9;at metro.Main.PRINT_PATH(Main.java:113)&#13;&#10;&#9;at metro.Main.PRINT_PATH(Main.java:113)&#13;&#10;&#9;at metro.Main.PRINT_PATH(Main.java:113)&#13;&#10;&#9;at metro.Main.PRINT_PATH(Main.java:113)&#13;&#10;&#9;at metro.Main.PRINT_PATH(Main.java:113)&#13;&#10;&#9;at metro.Main.PRINT_PATH(Main.java:113)&#13;&#10;&#9;at metro.Main.PRINT_PATH(Main.java:113)&#13;&#10;&#9;at metro.Main.PRINT_PATH(Main.java:113)&#13;&#10;&#9;at metro.Main.PRINT_PATH(Main.java:113)&#13;&#10;&#9;at metro.Main.PRINT_PATH(Main.java:113)&#13;&#10;&#9;at metro.Main.PRINT_PATH(Main.java:113)&#13;&#10;&#9;at metro.Main.PRINT_PATH(Main.java:113)&#13;&#10;&#9;at metro.Main.PRINT_PATH(Main.java:113)&#13;&#10;&#9;at metro.Main.PRINT_PATH(Main.java:113)&#13;&#10;&#9;at metro.Main.PRINT_PATH(Main.java:113)&#13;&#10;&#9;at metro.Main.PRINT_PATH(Main.java:113)&#13;&#10;&#9;at metro.Main.PRINT_PATH(Main.java:113)&#13;&#10;&#9;at metro.Main.PRINT_PATH(Main.java:113)&#13;&#10;&#9;at metro.Main.PRINT_PATH(Main.java:113)&#13;&#10;&#9;at metro.Main.PRINT_PATH(Main.java:113)&#13;&#10;&#9;at metro.Main.PRINT_PATH(Main.java:113)&#13;&#10;&#9;at metro.Main.PRINT_PATH(Main.java:113)&#13;&#10;&#9;at metro.Main.PRINT_PATH(Main.java:113)&#13;&#10;&#9;at metro.Main.PRINT_PATH(Main.java:113)&#13;&#10;&#9;at metro.Main.PRINT_PATH(Main.java:113)&#13;&#10;&#9;at metro.Main.PRINT_PATH(Main.java:113)&#13;&#10;&#9;at metro.Main.PRINT_PATH(Main.java:113)&#13;&#10;&#9;at metro.Main.PRINT_PATH(Main.java:113)&#13;&#10;&#9;at metro.Main.PRINT_PATH(Main.java:113)&#13;&#10;&#9;at metro.Main.PRINT_PATH(Main.java:113)&#13;&#10;&#9;at metro.Main.PRINT_PATH(Main.java:113)&#13;&#10;&#9;at metro.Main.PRINT_PATH(Main.java:113)&#13;&#10;&#9;at metro.Main.PRINT_PATH(Main.java:113)&#13;&#10;&#9;at metro.Main.PRINT_PATH(Main.java:113)&#13;&#10;&#9;at metro.Main.PRINT_PATH(Main.java:113)&#13;&#10;&#9;at metro.Main.PRINT_PATH(Main.java:113)&#13;&#10;&#9;at metro.Main.PRINT_PATH(Main.java:113)&#13;&#10;&#9;at metro.Main.PRINT_PATH(Main.java:113)&#13;&#10;&#9;at metro.Main.PRINT_PATH(Main.java:113)&#13;&#10;&#9;at metro.Main.PRINT_PATH(Main.java:113)&#13;&#10;&#9;at metro.Main.PRINT_PATH(Main.java:113)&#13;&#10;&#9;at metro.Main.PRINT_PATH(Main.java:113)&#13;&#10;&#9;at metro.Main.PRINT_PATH(Main.java:113)&#13;&#10;&#9;at metro.Main.PRINT_PATH(Main.java:113)&#13;&#10;&#9;at metro.Main.PRINT_PATH(Main.java:113)&#13;&#10;&#9;at metro.Main.PRINT_PATH(Main.java:113)&#13;&#10;&#9;at metro.Main.PRINT_PATH(Main.java:113)&#13;&#10;&#9;at metro.Main.PRINT_PATH(Main.java:113)&#13;&#10;&#9;at metro.Main.PRINT_PATH(Main.java:113)&#13;&#10;&#9;at metro.Main.PRINT_PATH(Main.java:113)&#13;&#10;&#9;at metro.Main.PRINT_PATH(Main.java:113)&#13;&#10;&#9;at metro.Main.PRINT_PATH(Main.java:113)&#13;&#10;&#9;at metro.Main.PRINT_PATH(Main.java:113)&#13;&#10;&#9;at metro.Main.PRINT_PATH(Main.java:113)&#13;&#10;&#9;at metro.Main.PRINT_PATH(Main.java:113)&#13;&#10;&#9;at metro.Main.PRINT_PATH(Main.java:113)&#13;&#10;&#9;at metro.Main.PRINT_PATH(Main.java:113)&#13;&#10;&#9;at metro.Main.PRINT_PATH(Main.java:113)&#13;&#10;&#9;at metro.Main.PRINT_PATH(Main.java:113)&#13;&#10;&#9;at metro.Main.PRINT_PATH(Main.java:113)&#13;&#10;&#9;at metro.Main.PRINT_PATH(Main.java:113)&#13;&#10;&#9;at metro.Main.PRINT_PATH(Main.java:113)&#13;&#10;&#9;at metro.Main.PRINT_PATH(Main.java:113)&#13;&#10;&#9;at metro.Main.PRINT_PATH(Main.java:113)&#13;&#10;&#9;at metro.Main.PRINT_PATH(Main.java:113)&#13;&#10;&#9;at metro.Main.PRINT_PATH(Main.java:113)&#13;&#10;&#9;at metro.Main.PRINT_PATH(Main.java:113)&#13;&#10;&#9;at metro.Main.PRINT_PATH(Main.java:113)&#13;&#10;&#9;at metro.Main.PRINT_PATH(Main.java:113)&#13;&#10;&#9;at metro.Main.PRINT_PATH(Main.java:113)&#13;&#10;&#9;at metro.Main.PRINT_PATH(Main.java:113)&#13;&#10;&#9;at metro.Main.PRINT_PATH(Main.java:113)&#13;&#10;&#9;at metro.Main.PRINT_PATH(Main.java:113)&#13;&#10;&#9;at metro.Main.PRINT_PATH(Main.java:113)&#13;&#10;&#9;at metro.Main.PRINT_PATH(Main.java:113)&#13;&#10;&#9;at metro.Main.PRINT_PATH(Main.java:113)&#13;&#10;&#9;at metro.Main.PRINT_PATH(Main.java:113)&#13;&#10;&#9;at metro.Main.PRINT_PATH(Main.java:113)&#13;&#10;&#9;at metro.Main.PRINT_PATH(Main.java:113)&#13;&#10;&#9;at metro.Main.PRINT_PATH(Main.java:113)&#13;&#10;&#9;at metro.Main.PRINT_PATH(Main.java:113)&#13;&#10;&#9;at metro.Main.PRINT_PATH(Main.java:113)&#13;&#10;&#9;at metro.Main.PRINT_PATH(Main.java:113)&#13;&#10;&#9;at metro.Main.PRINT_PATH(Main.java:113)&#13;&#10;&#9;at metro.Main.PRINT_PATH(Main.java:113)&#13;&#10;&#9;at metro.Main.PRINT_PATH(Main.java:113)&#13;&#10;&#9;at metro.Main.PRINT_PATH(Main.java:113)&#13;&#10;&#9;at metro.Main.PRINT_PATH(Main.java:113)&#13;&#10;&#9;at metro.Main.PRINT_PATH(Main.java:113)&#13;&#10;&#9;at metro.Main.PRINT_PATH(Main.java:113)&#13;&#10;&#9;at metro.Main.PRINT_PATH(Main.java:113)&#13;&#10;&#9;at metro.Main.PRINT_PATH(Main.java:113)&#13;&#10;&#9;at metro.Main.PRINT_PATH(Main.java:113)&#13;&#10;&#9;at metro.Main.PRINT_PATH(Main.java:113)&#13;&#10;&#9;at metro.Main.PRINT_PATH(Main.java:113)&#13;&#10;&#9;at metro.Main.PRINT_PATH(Main.java:113)&#13;&#10;&#9;at metro.Main.PRINT_PATH(Main.java:113)&#13;&#10;&#9;at metro.Main.PRINT_PATH(Main.java:113)&#13;&#10;&#9;at metro.Main.PRINT_PATH(Main.java:113)&#13;&#10;&#9;at metro.Main.PRINT_PATH(Main.java:113)&#13;&#10;&#9;at metro.Main.PRINT_PATH(Main.java:113)&#13;&#10;&#9;at metro.Main.PRINT_PATH(Main.java:113)&#13;&#10;&#9;at metro.Main.PRINT_PATH(Main.java:113)&#13;&#10;&#9;at metro.Main.PRINT_PATH(Main.java:113)&#13;&#10;&#9;at metro.Main.PRINT_PATH(Main.java:113)&#13;&#10;&#9;at metro.Main.PRINT_PATH(Main.java:113)&#13;&#10;&#9;at metro.Main.PRINT_PATH(Main.java:113)&#13;&#10;&#9;at metro.Main.PRINT_PATH(Main.java:113)&#13;&#10;&#9;at metro.Main.PRINT_PATH(Main.java:113)&#13;&#10;&#9;at metro.Main.PRINT_PATH(Main.java:113)&#13;&#10;&#9;at metro.Main.PRINT_PATH(Main.java:113)&#13;&#10;&#9;at metro.Main.PRINT_PATH(Main.java:113)&#13;&#10;&#9;at metro.Main.PRINT_PATH(Main.java:113)&#13;&#10;&#9;at metro.Main.PRINT_PATH(Main.java:113)&#13;&#10;&#9;at metro.Main.PRINT_PATH(Main.java:113)&#13;&#10;&#9;at metro.Main.PRINT_PATH(Main.java:113)&#13;&#10;&#9;at metro.Main.PRINT_PATH(Main.java:113)&#13;&#10;&#9;at metro.Main.PRINT_PATH(Main.java:113)&#13;&#10;&#9;at metro.Main.PRINT_PATH(Main.java:113)&#13;&#10;&#9;at metro.Main.PRINT_PATH(Main.java:113)&#13;&#10;&#9;at metro.Main.PRINT_PATH(Main.java:113)&#13;&#10;&#9;at metro.Main.PRINT_PATH(Main.java:113)&#13;&#10;&#9;at metro.Main.PRINT_PATH(Main.java:113)&#13;&#10;&#9;at metro.Main.PRINT_PATH(Main.java:113)&#13;&#10;&#9;at metro.Main.PRINT_PATH(Main.java:113)&#13;&#10;&#9;at metro.Main.PRINT_PATH(Main.java:113)&#13;&#10;&#9;at metro.Main.PRINT_PATH(Main.java:113)&#13;&#10;&#9;at metro.Main.PRINT_PATH(Main.java:113)&#13;&#10;&#9;at metro.Main.PRINT_PATH(Main.java:113)&#13;&#10;&#9;at metro.Main.PRINT_PATH(Main.java:113)&#13;&#10;&#9;at metro.Main.PRINT_PATH(Main.java:113)&#13;&#10;&#9;at metro.Main.PRINT_PATH(Main.java:113)&#13;&#10;&#9;at metro.Main.PRINT_PATH(Main.java:113)&#13;&#10;&#9;at metro.Main.PRINT_PATH(Main.java:113)&#13;&#10;&#9;at metro.Main.PRINT_PATH(Main.java:113)&#13;&#10;&#9;at metro.Main.PRINT_PATH(Main.java:113)&#13;&#10;&#9;at metro.Main.PRINT_PATH(Main.java:113)&#13;&#10;&#9;at metro.Main.PRINT_PATH(Main.java:113)&#13;&#10;&#9;at metro.Main.PRINT_PATH(Main.java:113)&#13;&#10;&#9;at metro.Main.PRINT_PATH(Main.java:113)&#13;&#10;&#9;at metro.Main.PRINT_PATH(Main.java:113)&#13;&#10;&#9;at metro.Main.PRINT_PATH(Main.java:113)&#13;&#10;&#9;at metro.Main.PRINT_PATH(Main.java:113)&#13;&#10;&#9;at metro.Main.PRINT_PATH(Main.java:113)&#13;&#10;&#9;at metro.Main.PRINT_PATH(Main.java:113)&#13;&#10;&#9;at metro.Main.PRINT_PATH(Main.java:113)&#13;&#10;&#9;at metro.Main.PRINT_PATH(Main.java:113)&#13;&#10;&#9;at metro.Main.PRINT_PATH(Main.java:113)&#13;&#10;&#9;at metro.Main.PRINT_PATH(Main.java:113)&#13;&#10;&#9;at metro.Main.PRINT_PATH(Main.java:113)&#13;&#10;&#9;at metro.Main.PRINT_PATH(Main.java:113)&#13;&#10;&#9;at metro.Main.PRINT_PATH(Main.java:113)&#13;&#10;&#9;at metro.Main.PRINT_PATH(Main.java:113)&#13;&#10;&#9;at metro.Main.PRINT_PATH(Main.java:113)&#13;&#10;&#9;at metro.Main.PRINT_PATH(Main.java:113)&#13;&#10;&#9;at metro.Main.PRINT_PATH(Main.java:113)&#13;&#10;&#9;at metro.Main.PRINT_PATH(Main.java:113)&#13;&#10;&#9;at metro.Main.PRINT_PATH(Main.java:113)&#13;&#10;&#9;at metro.Main.PRINT_PATH(Main.java:113)&#13;&#10;&#9;at metro.Main.PRINT_PATH(Main.java:113)&#13;&#10;&#9;at metro.Main.PRINT_PATH(Main.java:113)&#13;&#10;&#9;at metro.Main.PRINT_PATH(Main.java:113)&#13;&#10;&#9;at metro.Main.PRINT_PATH(Main.java:113)&#13;&#10;&#9;at metro.Main.PRINT_PATH(Main.java:113)&#13;&#10;&#9;at metro.Main.PRINT_PATH(Main.java:113)&#13;&#10;&#9;at metro.Main.PRINT_PATH(Main.java:113)&#13;&#10;&#9;at metro.Main.PRINT_PATH(Main.java:113)&#13;&#10;&#9;at metro.Main.PRINT_PATH(Main.java:113)&#13;&#10;&#9;at metro.Main.PRINT_PATH(Main.java:113)&#13;&#10;&#9;at metro.Main.PRINT_PATH(Main.java:113)&#13;&#10;&#9;at metro.Main.PRINT_PATH(Main.java:113)&#13;&#10;&#9;at metro.Main.PRINT_PATH(Main.java:113)&#13;&#10;&#9;at metro.Main.PRINT_PATH(Main.java:113)&#13;&#10;&#9;at metro.Main.PRINT_PATH(Main.java:113)&#13;&#10;&#9;at metro.Main.PRINT_PATH(Main.java:113)&#13;&#10;&#9;at metro.Main.PRINT_PATH(Main.java:113)&#13;&#10;&#9;at metro.Main.PRINT_PATH(Main.java:113)&#13;&#10;&#9;at metro.Main.PRINT_PATH(Main.java:113)&#13;&#10;&#9;at metro.Main.PRINT_PATH(Main.java:113)&#13;&#10;&#9;at metro.Main.PRINT_PATH(Main.java:113)&#13;&#10;&#9;at metro.Main.PRINT_PATH(Main.java:113)&#13;&#10;&#9;at metro.Main.PRINT_PATH(Main.java:113)&#13;&#10;&#9;at metro.Main.PRINT_PATH(Main.java:113)&#13;&#10;&#9;at metro.Main.PRINT_PATH(Main.java:113)&#13;&#10;&#9;at metro.Main.PRINT_PATH(Main.java:113)&#13;&#10;&#9;at metro.Main.PRINT_PATH(Main.java:113)&#13;&#10;&#9;at metro.Main.PRINT_PATH(Main.java:113)&#13;&#10;&#9;at metro.Main.PRINT_PATH(Main.java:113)&#13;&#10;&#9;at metro.Main.PRINT_PATH(Main.java:113)&#13;&#10;&#9;at metro.Main.PRINT_PATH(Main.java:113)&#13;&#10;&#9;at metro.Main.PRINT_PATH(Main.java:113)&#13;&#10;&#9;at metro.Main.PRINT_PATH(Main.java:113)&#13;&#10;&#9;at metro.Main.PRINT_PATH(Main.java:113)&#13;&#10;&#9;at metro.Main.PRINT_PATH(Main.java:113)&#13;&#10;&#9;at metro.Main.PRINT_PATH(Main.java:113)&#13;&#10;&#9;at metro.Main.PRINT_PATH(Main.java:113)&#13;&#10;&#9;at metro.Main.PRINT_PATH(Main.java:113)&#13;&#10;&#9;at metro.Main.PRINT_PATH(Main.java:113)&#13;&#10;&#9;at metro.Main.PRINT_PATH(Main.java:113)&#13;&#10;&#9;at metro.Main.PRINT_PATH(Main.java:113)&#13;&#10;&#9;at metro.Main.PRINT_PATH(Main.java:113)&#13;&#10;&#9;at metro.Main.PRINT_PATH(Main.java:113)&#13;&#10;&#9;at metro.Main.PRINT_PATH(Main.java:113)&#13;&#10;&#9;at metro.Main.PRINT_PATH(Main.java:113)&#13;&#10;&#9;at metro.Main.PRINT_PATH(Main.java:113)&#13;&#10;&#9;at metro.Main.PRINT_PATH(Main.java:113)&#13;&#10;&#9;at metro.Main.PRINT_PATH(Main.java:113)&#13;&#10;&#9;at metro.Main.PRINT_PATH(Main.java:113)&#13;&#10;&#9;at metro.Main.PRINT_PATH(Main.java:113)&#13;&#10;&#9;at metro.Main.PRINT_PATH(Main.java:113)&#13;&#10;&#9;at metro.Main.PRINT_PATH(Main.java:113)&#13;&#10;&#9;at metro.Main.PRINT_PATH(Main.java:113)&#13;&#10;&#9;at metro.Main.PRINT_PATH(Main.java:113)&#13;&#10;&#9;at metro.Main.PRINT_PATH(Main.java:113)&#13;&#10;&#9;at metro.Main.PRINT_PATH(Main.java:113)&#13;&#10;&#9;at metro.Main.PRINT_PATH(Main.java:113)&#13;&#10;&#9;at metro.Main.PRINT_PATH(Main.java:113)&#13;&#10;&#9;at metro.Main.PRINT_PATH(Main.java:113)&#13;&#10;&#9;at metro.Main.PRINT_PATH(Main.java:113)&#13;&#10;&#9;at metro.Main.PRINT_PATH(Main.java:113)&#13;&#10;&#9;at metro.Main.PRINT_PATH(Main.java:113)&#13;&#10;&#9;at metro.Main.PRINT_PATH(Main.java:113)&#13;&#10;&#9;at metro.Main.PRINT_PATH(Main.java:113)&#13;&#10;&#9;at metro.Main.PRINT_PATH(Main.java:113)&#13;&#10;&#9;at metro.Main.PRINT_PATH(Main.java:113)&#13;&#10;&#9;at metro.Main.PRINT_PATH(Main.java:113)&#13;&#10;&#9;at metro.Main.PRINT_PATH(Main.java:113)&#13;&#10;&#9;at metro.Main.PRINT_PATH(Main.java:113)&#13;&#10;&#9;at metro.Main.PRINT_PATH(Main.java:113)&#13;&#10;&#9;at metro.Main.PRINT_PATH(Main.java:113)&#13;&#10;&#9;at metro.Main.PRINT_PATH(Main.java:113)&#13;&#10;&#9;at metro.Main.PRINT_PATH(Main.java:113)&#13;&#10;&#9;at metro.Main.PRINT_PATH(Main.java:113)&#13;&#10;&#9;at metro.Main.PRINT_PATH(Main.java:113)&#13;&#10;&#9;at metro.Main.PRINT_PATH(Main.java:113)&#13;&#10;&#9;at metro.Main.PRINT_PATH(Main.java:113)&#13;&#10;&#9;at metro.Main.PRINT_PATH(Main.java:113)&#13;&#10;&#9;at metro.Main.PRINT_PATH(Main.java:113)&#13;&#10;&#9;at metro.Main.PRINT_PATH(Main.java:113)&#13;&#10;&#9;at metro.Main.PRINT_PATH(Main.java:113)&#13;&#10;&#9;at metro.Main.PRINT_PATH(Main.java:113)&#13;&#10;&#9;at metro.Main.PRINT_PATH(Main.java:113)&#13;&#10;&#9;at metro.Main.PRINT_PATH(Main.java:113)&#13;&#10;&#9;at metro.Main.PRINT_PATH(Main.java:113)&#13;&#10;&#9;at metro.Main.PRINT_PATH(Main.java:113)&#13;&#10;&#9;at metro.Main.PRINT_PATH(Main.java:113)&#13;&#10;&#9;at metro.Main.PRINT_PATH(Main.java:113)&#13;&#10;&#9;at metro.Main.PRINT_PATH(Main.java:113)&#13;&#10;&#9;at metro.Main.PRINT_PATH(Main.java:113)&#13;&#10;&#9;at metro.Main.PRINT_PATH(Main.java:113)&#13;&#10;&#9;at metro.Main.PRINT_PATH(Main.java:113)&#13;&#10;&#9;at metro.Main.PRINT_PATH(Main.java:113)&#13;&#10;&#9;at metro.Main.PRINT_PATH(Main.java:113)&#13;&#10;&#9;at metro.Main.PRINT_PATH(Main.java:113)&#13;&#10;&#9;at metro.Main.PRINT_PATH(Main.java:113)&#13;&#10;&#9;at metro.Main.PRINT_PATH(Main.java:113)&#13;&#10;&#9;at metro.Main.PRINT_PATH(Main.java:113)&#13;&#10;&#9;at metro.Main.PRINT_PATH(Main.java:113)&#13;&#10;&#9;at metro.Main.PRINT_PATH(Main.java:113)&#13;&#10;&#9;at metro.Main.PRINT_PATH(Main.java:113)&#13;&#10;&#9;at metro.Main.PRINT_PATH(Main.java:113)&#13;&#10;&#9;at metro.Main.PRINT_PATH(Main.java:113)&#13;&#10;&#9;at metro.Main.PRINT_PATH(Main.java:113)&#13;&#10;&#9;at metro.Main.PRINT_PATH(Main.java:113)&#13;&#10;&#9;at metro.Main.PRINT_PATH(Main.java:113)&#13;&#10;&#9;at metro.Main.PRINT_PATH(Main.java:113)&#13;&#10;&#9;at metro.Main.PRINT_PATH(Main.java:113)&#13;&#10;&#9;at metro.Main.PRINT_PATH(Main.java:113)&#13;&#10;&#9;at metro.Main.PRINT_PATH(Main.java:113)&#13;&#10;&#9;at metro.Main.PRINT_PATH(Main.java:113)&#13;&#10;&#9;at metro.Main.PRINT_PATH(Main.java:113)&#13;&#10;&#9;at metro.Main.PRINT_PATH(Main.java:113)&#13;&#10;&#9;at metro.Main.PRINT_PATH(Main.java:113)&#13;&#10;&#9;at metro.Main.PRINT_PATH(Main.java:113)&#13;&#10;&#9;at metro.Main.PRINT_PATH(Main.java:113)&#13;&#10;&#9;at metro.Main.PRINT_PATH(Main.java:113)&#13;&#10;&#9;at metro.Main.PRINT_PATH(Main.java:113)&#13;&#10;&#9;at metro.Main.PRINT_PATH(Main.java:113)&#13;&#10;&#9;at metro.Main.PRINT_PATH(Main.java:113)&#13;&#10;&#9;at metro.Main.PRINT_PATH(Main.java:113)&#13;&#10;&#9;at metro.Main.PRINT_PATH(Main.java:113)&#13;&#10;&#9;at metro.Main.PRINT_PATH(Main.java:113)&#13;&#10;&#9;at metro.Main.PRINT_PATH(Main.java:113)&#13;&#10;&#9;at metro.Main.PRINT_PATH(Main.java:113)&#13;&#10;&#9;at metro.Main.PRINT_PATH(Main.java:113)&#13;&#10;&#9;at metro.Main.PRINT_PATH(Main.java:113)&#13;&#10;&#9;at metro.Main.PRINT_PATH(Main.java:113)&#13;&#10;&#9;at metro.Main.PRINT_PATH(Main.java:113)&#13;&#10;&#9;at metro.Main.PRINT_PATH(Main.java:113)&#13;&#10;&#9;at metro.Main.PRINT_PATH(Main.java:113)&#13;&#10;&#9;at metro.Main.PRINT_PATH(Main.java:113)&#13;&#10;&#9;at metro.Main.PRINT_PATH(Main.java:113)&#13;&#10;&#9;at metro.Main.PRINT_PATH(Main.java:113)&#13;&#10;&#9;at metro.Main.PRINT_PATH(Main.java:113)&#13;&#10;&#9;at metro.Main.PRINT_PATH(Main.java:113)&#13;&#10;&#9;at metro.Main.PRINT_PATH(Main.java:113)&#13;&#10;&#9;at metro.Main.PRINT_PATH(Main.java:113)&#13;&#10;&#9;at metro.Main.PRINT_PATH(Main.java:113)&#13;&#10;&#9;at metro.Main.PRINT_PATH(Main.java:113)&#13;&#10;&#9;at metro.Main.PRINT_PATH(Main.java:113)&#13;&#10;&#9;at metro.Main.PRINT_PATH(Main.java:113)&#13;&#10;&#9;at metro.Main.PRINT_PATH(Main.java:113)&#13;&#10;&#9;at metro.Main.PRINT_PATH(Main.java:113)&#13;&#10;&#9;at metro.Main.PRINT_PATH(Main.java:113)&#13;&#10;&#9;at metro.Main.PRINT_PATH(Main.java:113)&#13;&#10;&#9;at metro.Main.PRINT_PATH(Main.java:113)&#13;&#10;&#9;at metro.Main.PRINT_PATH(Main.java:113)&#13;&#10;&#9;at metro.Main.PRINT_PATH(Main.java:113)&#13;&#10;&#9;at metro.Main.PRINT_PATH(Main.java:113)&#13;&#10;&#9;at metro.Main.PRINT_PATH(Main.java:113)&#13;&#10;&#9;at metro.Main.PRINT_PATH(Main.java:113)&#13;&#10;&#9;at metro.Main.PRINT_PATH(Main.java:113)&#13;&#10;&#9;at metro.Main.PRINT_PATH(Main.java:113)&#13;&#10;&#9;at metro.Main.PRINT_PATH(Main.java:113)&#13;&#10;&#9;at metro.Main.PRINT_PATH(Main.java:113)&#13;&#10;&#9;at metro.Main.PRINT_PATH(Main.java:113)&#13;&#10;&#9;at metro.Main.PRINT_PATH(Main.java:113)&#13;&#10;&#9;at metro.Main.PRINT_PATH(Main.java:113)&#13;&#10;&#9;at metro.Main.PRINT_PATH(Main.java:113)&#13;&#10;&#9;at metro.Main.PRINT_PATH(Main.java:113)&#13;&#10;&#9;at metro.Main.PRINT_PATH(Main.java:113)&#13;&#10;&#9;at metro.Main.PRINT_PATH(Main.java:113)&#13;&#10;&#9;at metro.Main.PRINT_PATH(Main.java:113)&#13;&#10;&#9;at metro.Main.PRINT_PATH(Main.java:113)&#13;&#10;&#9;at metro.Main.PRINT_PATH(Main.java:113)&#13;&#10;&#9;at metro.Main.PRINT_PATH(Main.java:113)&#13;&#10;&#9;at metro.Main.PRINT_PATH(Main.java:113)&#13;&#10;&#9;at metro.Main.PRINT_PATH(Main.java:113)&#13;&#10;&#9;at metro.Main.PRINT_PATH(Main.java:113)&#13;&#10;&#9;at metro.Main.PRINT_PATH(Main.java:113)&#13;&#10;&#9;at metro.Main.PRINT_PATH(Main.java:113)&#13;&#10;&#9;at metro.Main.PRINT_PATH(Main.java:113)&#13;&#10;&#9;at metro.Main.PRINT_PATH(Main.java:113)&#13;&#10;&#9;at metro.Main.PRINT_PATH(Main.java:113)&#13;&#10;&#9;at metro.Main.PRINT_PATH(Main.java:113)&#13;&#10;&#9;at metro.Main.PRINT_PATH(Main.java:113)&#13;&#10;&#9;at metro.Main.PRINT_PATH(Main.java:113)&#13;&#10;&#9;at metro.Main.PRINT_PATH(Main.java:113)&#13;&#10;&#9;at metro.Main.PRINT_PATH(Main.java:113)&#13;&#10;&#9;at metro.Main.PRINT_PATH(Main.java:113)&#13;&#10;&#9;at metro.Main.PRINT_PATH(Main.java:113)&#13;&#10;&#9;at metro.Main.PRINT_PATH(Main.java:113)&#13;&#10;&#9;at metro.Main.PRINT_PATH(Main.java:113)&#13;&#10;&#9;at metro.Main.PRINT_PATH(Main.java:113)&#13;&#10;&#9;at metro.Main.PRINT_PATH(Main.java:113)&#13;&#10;&#9;at metro.Main.PRINT_PATH(Main.java:113)&#13;&#10;&#9;at metro.Main.PRINT_PATH(Main.java:113)&#13;&#10;&#9;at metro.Main.PRINT_PATH(Main.java:113)&#13;&#10;&#9;at metro.Main.PRINT_PATH(Main.java:113)&#13;&#10;&#9;at metro.Main.PRINT_PATH(Main.java:113)&#13;&#10;&#9;at metro.Main.PRINT_PATH(Main.java:113)&#13;&#10;&#9;at metro.Main.PRINT_PATH(Main.java:113)&#13;&#10;&#9;at metro.Main.PRINT_PATH(Main.java:113)&#13;&#10;&#9;at metro.Main.PRINT_PATH(Main.java:113)&#13;&#10;&#9;at metro.Main.PRINT_PATH(Main.java:113)&#13;&#10;&#9;at metro.Main.PRINT_PATH(Main.java:113)&#13;&#10;&#9;at metro.Main.PRINT_PATH(Main.java:113)&#13;&#10;&#9;at metro.Main.PRINT_PATH(Main.java:113)&#13;&#10;&#9;at metro.Main.PRINT_PATH(Main.java:113)&#13;&#10;&#9;at metro.Main.PRINT_PATH(Main.java:113)&#13;&#10;&#9;at metro.Main.PRINT_PATH(Main.java:113)&#13;&#10;&#9;at metro.Main.PRINT_PATH(Main.java:113)&#13;&#10;&#9;at metro.Main.PRINT_PATH(Main.java:113)&#13;&#10;&#9;at metro.Main.PRINT_PATH(Main.java:113)&#13;&#10;&#9;at metro.Main.PRINT_PATH(Main.java:113)&#13;&#10;&#9;at metro.Main.PRINT_PATH(Main.java:113)&#13;&#10;&#9;at metro.Main.PRINT_PATH(Main.java:113)&#13;&#10;&#9;at metro.Main.PRINT_PATH(Main.java:113)&#13;&#10;&#9;at metro.Main.PRINT_PATH(Main.java:113)&#13;&#10;&#9;at metro.Main.PRINT_PATH(Main.java:113)&#13;&#10;&#9;at metro.Main.PRINT_PATH(Main.java:113)&#13;&#10;&#9;at metro.Main.PRINT_PATH(Main.java:113)&#13;&#10;&#9;at metro.Main.PRINT_PATH(Main.java:113)&#13;&#10;&#9;at metro.Main.PRINT_PATH(Main.java:113)&#13;&#10;&#9;at metro.Main.PRINT_PATH(Main.java:113)&#13;&#10;&#9;at metro.Main.PRINT_PATH(Main.java:113)&#13;&#10;&#9;at metro.Main.PRINT_PATH(Main.java:113)&#13;&#10;&#9;at metro.Main.PRINT_PATH(Main.java:113)&#13;&#10;&#9;at metro.Main.PRINT_PATH(Main.java:113)&#13;&#10;&#9;at metro.Main.PRINT_PATH(Main.java:113)&#13;&#10;&#9;at metro.Main.PRINT_PATH(Main.java:113)&#13;&#10;&#9;at metro.Main.PRINT_PATH(Main.java:113)&#13;&#10;&#9;at metro.Main.PRINT_PATH(Main.java:113)&#13;&#10;&#9;at metro.Main.PRINT_PATH(Main.java:113)&#13;&#10;&#9;at metro.Main.PRINT_PATH(Main.java:113)&#13;&#10;&#9;at metro.Main.PRINT_PATH(Main.java:113)&#13;&#10;&#9;at metro.Main.PRINT_PATH(Main.java:113)&#13;&#10;&#9;at metro.Main.PRINT_PATH(Main.java:113)&#13;&#10;&#9;at metro.Main.PRINT_PATH(Main.java:113)&#13;&#10;&#9;at metro.Main.PRINT_PATH(Main.java:113)&#13;&#10;&#9;at metro.Main.PRINT_PATH(Main.java:113)&#13;&#10;&#9;at metro.Main.PRINT_PATH(Main.java:113)&#13;&#10;&#9;at metro.Main.PRINT_PATH(Main.java:113)&#13;&#10;&#9;at metro.Main.PRINT_PATH(Main.java:113)&#13;&#10;&#9;at metro.Main.PRINT_PATH(Main.java:113)&#13;&#10;&#9;at metro.Main.PRINT_PATH(Main.java:113)&#13;&#10;&#9;at metro.Main.PRINT_PATH(Main.java:113)&#13;&#10;&#9;at metro.Main.PRINT_PATH(Main.java:113)&#13;&#10;&#9;at metro.Main.PRINT_PATH(Main.java:113)&#13;&#10;&#9;at metro.Main.PRINT_PATH(Main.java:113)&#13;&#10;&#9;at metro.Main.PRINT_PATH(Main.java:113)&#13;&#10;&#9;at metro.Main.PRINT_PATH(Main.java:113)&#13;&#10;&#9;at metro.Main.PRINT_PATH(Main.java:113)&#13;&#10;&#9;at metro.Main.PRINT_PATH(Main.java:113)&#13;&#10;&#9;at metro.Main.PRINT_PATH(Main.java:113)&#13;&#10;&#9;at metro.Main.PRINT_PATH(Main.java:113)&#13;&#10;&#9;at metro.Main.PRINT_PATH(Main.java:113)&#13;&#10;&#9;at metro.Main.PRINT_PATH(Main.java:113)&#13;&#10;&#9;at metro.Main.PRINT_PATH(Main.java:113)&#13;&#10;&#9;at metro.Main.PRINT_PATH(Main.java:113)&#13;&#10;&#9;at metro.Main.PRINT_PATH(Main.java:113)&#13;&#10;&#9;at metro.Main.PRINT_PATH(Main.java:113)&#13;&#10;&#9;at metro.Main.PRINT_PATH(Main.java:113)&#13;&#10;&#9;at metro.Main.PRINT_PATH(Main.java:113)&#13;&#10;&#9;at metro.Main.PRINT_PATH(Main.java:113)&#13;&#10;&#9;at metro.Main.PRINT_PATH(Main.java:113)&#13;&#10;&#9;at metro.Main.PRINT_PATH(Main.java:113)&#13;&#10;&#9;at metro.Main.PRINT_PATH(Main.java:113)&#13;&#10;&#9;at metro.Main.PRINT_PATH(Main.java:113)&#13;&#10;&#9;at metro.Main.PRINT_PATH(Main.java:113)&#13;&#10;&#9;at metro.Main.PRINT_PATH(Main.java:113)&#13;&#10;&#9;at metro.Main.PRINT_PATH(Main.java:113)&#13;&#10;&#9;at metro.Main.PRINT_PATH(Main.java:113)&#13;&#10;&#9;at metro.Main.PRINT_PATH(Main.java:113)&#13;&#10;&#9;at metro.Main.PRINT_PATH(Main.java:113)&#13;&#10;&#9;at metro.Main.PRINT_PATH(Main.java:113)&#13;&#10;&#9;at metro.Main.PRINT_PATH(Main.java:113)&#13;&#10;&#9;at metro.Main.PRINT_PATH(Main.java:113)&#13;&#10;&#9;at metro.Main.PRINT_PATH(Main.java:113)&#13;&#10;&#9;at metro.Main.PRINT_PATH(Main.java:113)&#13;&#10;&#9;at metro.Main.PRINT_PATH(Main.java:113)&#13;&#10;&#9;at metro.Main.PRINT_PATH(Main.java:113)&#13;&#10;&#9;at metro.Main.PRINT_PATH(Main.java:113)&#13;&#10;&#9;at metro.Main.PRINT_PATH(Main.java:113)&#13;&#10;&#9;at metro.Main.PRINT_PATH(Main.java:113)&#13;&#10;&#9;at metro.Main.PRINT_PATH(Main.java:113)&#13;&#10;&#9;at metro.Main.PRINT_PATH(Main.java:113)&#13;&#10;&#9;at metro.Main.PRINT_PATH(Main.java:113)&#13;&#10;&#9;at metro.Main.PRINT_PATH(Main.java:113)&#13;&#10;&#9;at metro.Main.PRINT_PATH(Main.java:113)&#13;&#10;&#9;at metro.Main.PRINT_PATH(Main.java:113)&#13;&#10;&#9;at metro.Main.PRINT_PATH(Main.java:113)&#13;&#10;&#9;at metro.Main.PRINT_PATH(Main.java:113)&#13;&#10;&#9;at metro.Main.PRINT_PATH(Main.java:113)&#13;&#10;&#9;at metro.Main.PRINT_PATH(Main.java:113)&#13;&#10;&#9;at metro.Main.PRINT_PATH(Main.java:113)&#13;&#10;&#9;at metro.Main.PRINT_PATH(Main.java:113)&#13;&#10;&#9;at metro.Main.PRINT_PATH(Main.java:113)&#13;&#10;&#9;at metro.Main.PRINT_PATH(Main.java:113)&#13;&#10;&#9;at metro.Main.PRINT_PATH(Main.java:113)&#13;&#10;&#9;at metro.Main.PRINT_PATH(Main.java:113)&#13;&#10;&#9;at metro.Main.PRINT_PATH(Main.java:113)&#13;&#10;&#9;at metro.Main.PRINT_PATH(Main.java:113)&#13;&#10;&#9;at metro.Main.PRINT_PATH(Main.java:113)&#13;&#10;&#9;at metro.Main.PRINT_PATH(Main.java:113)&#13;&#10;&#9;at metro.Main.PRINT_PATH(Main.java:113)&#13;&#10;&#9;at metro.Main.PRINT_PATH(Main.java:113)&#13;&#10;&#9;at metro.Main.PRINT_PATH(Main.java:113)&#13;&#10;&#9;at metro.Main.PRINT_PATH(Main.java:113)&#13;&#10;&#9;at metro.Main.PRINT_PATH(Main.java:113)&#13;&#10;&#9;at metro.Main.PRINT_PATH(Main.java:113)&#13;&#10;&#9;at metro.Main.PRINT_PATH(Main.java:113)&#13;&#10;&#9;at metro.Main.PRINT_PATH(Main.java:113)&#13;&#10;&#9;at metro.Main.PRINT_PATH(Main.java:113)&#13;&#10;&#9;at metro.Main.PRINT_PATH(Main.java:113)&#13;&#10;&#9;at metro.Main.PRINT_PATH(Main.java:113)&#13;&#10;&#9;at metro.Main.PRINT_PATH(Main.java:113)&#13;&#10;&#9;at metro.Main.PRINT_PATH(Main.java:113)&#13;&#10;&#9;at metro.Main.PRINT_PATH(Main.java:113)&#13;&#10;&#9;at metro.Main.PRINT_PATH(Main.java:113)&#13;&#10;&#9;at metro.Main.PRINT_PATH(Main.java:113)&#13;&#10;&#9;at metro.Main.PRINT_PATH(Main.java:113)&#13;&#10;&#9;at metro.Main.PRINT_PATH(Main.java:113)&#13;&#10;&#9;at metro.Main.PRINT_PATH(Main.java:113)&#13;&#10;&#9;at metro.Main.PRINT_PATH(Main.java:113)&#13;&#10;&#9;at metro.Main.PRINT_PATH(Main.java:113)&#13;&#10;&#9;at metro.Main.PRINT_PATH(Main.java:113)&#13;&#10;&#9;at metro.Main.PRINT_PATH(Main.java:113)&#13;&#10;&#9;at metro.Main.PRINT_PATH(Main.java:113)&#13;&#10;&#9;at metro.Main.PRINT_PATH(Main.java:113)&#13;&#10;&#9;at metro.Main.PRINT_PATH(Main.java:113)&#13;&#10;&#9;at metro.Main.PRINT_PATH(Main.java:113)&#13;&#10;&#9;at metro.Main.PRINT_PATH(Main.java:113)&#13;&#10;&#9;at metro.Main.PRINT_PATH(Main.java:113)&#13;&#10;&#9;at metro.Main.PRINT_PATH(Main.java:113)&#13;&#10;&#9;at metro.Main.PRINT_PATH(Main.java:113)&#13;&#10;&#9;at metro.Main.PRINT_PATH(Main.java:113)&#13;&#10;&#9;at metro.Main.PRINT_PATH(Main.java:113)&#13;&#10;&#9;at metro.Main.PRINT_PATH(Main.java:113)&#13;&#10;&#9;at metro.Main.PRINT_PATH(Main.java:113)&#13;&#10;&#9;at metro.Main.PRINT_PATH(Main.java:113)&#13;&#10;&#9;at metro.Main.PRINT_PATH(Main.java:113)&#13;&#10;&#9;at metro.Main.PRINT_PATH(Main.java:113)&#13;&#10;&#9;at metro.Main.PRINT_PATH(Main.java:113)&#13;&#10;&#9;at metro.Main.PRINT_PATH(Main.java:113)&#13;&#10;&#9;at metro.Main.PRINT_PATH(Main.java:113)&#13;&#10;&#9;at metro.Main.PRINT_PATH(Main.java:113)&#13;&#10;&#9;at metro.Main.PRINT_PATH(Main.java:113)&#13;&#10;&#9;at metro.Main.PRINT_PATH(Main.java:113)&#13;&#10;&#9;at metro.Main.PRINT_PATH(Main.java:113)&#13;&#10;&#9;at metro.Main.PRINT_PATH(Main.java:113)&#13;&#10;&#9;at metro.Main.PRINT_PATH(Main.java:113)&#13;&#10;&#9;at metro.Main.PRINT_PATH(Main.java:113)&#13;&#10;&#9;at metro.Main.PRINT_PATH(Main.java:113)&#13;&#10;&#9;at metro.Main.PRINT_PATH(Main.java:113)&#13;&#10;&#9;at metro.Main.PRINT_PATH(Main.java:113)&#13;&#10;&#9;at metro.Main.PRINT_PATH(Main.java:113)&#13;&#10;&#9;at metro.Main.PRINT_PATH(Main.java:113)&#13;&#10;&#9;at metro.Main.PRINT_PATH(Main.java:113)&#13;&#10;&#9;at metro.Main.PRINT_PATH(Main.java:113)&#13;&#10;&#9;at metro.Main.PRINT_PATH(Main.java:113)&#13;&#10;&#9;at metro.Main.PRINT_PATH(Main.java:113)&#13;&#10;&#9;at metro.Main.PRINT_PATH(Main.java:113)&#13;&#10;&#9;at metro.Main.PRINT_PATH(Main.java:113)&#13;&#10;&#9;at metro.Main.PRINT_PATH(Main.java:113)&#13;&#10;&#9;at metro.Main.PRINT_PATH(Main.java:113)&#13;&#10;&#9;at metro.Main.PRINT_PATH(Main.java:113)&#13;&#10;&#9;at metro.Main.PRINT_PATH(Main.java:113)&#13;&#10;&#9;at metro.Main.PRINT_PATH(Main.java:113)&#13;&#10;&#9;at metro.Main.PRINT_PATH(Main.java:113)&#13;&#10;&#9;at metro.Main.PRINT_PATH(Main.java:113)&#13;&#10;&#9;at metro.Main.PRINT_PATH(Main.java:113)&#13;&#10;&#9;at metro.Main.PRINT_PATH(Main.java:113)&#13;&#10;&#9;at metro.Main.PRINT_PATH(Main.java:113)&#13;&#10;&#9;at metro.Main.PRINT_PATH(Main.java:113)&#13;&#10;&#9;at metro.Main.PRINT_PATH(Main.java:113)&#13;&#10;&#9;at metro.Main.PRINT_PATH(Main.java:113)&#13;&#10;&#9;at metro.Main.PRINT_PATH(Main.java:113)&#13;&#10;&#9;at metro.Main.PRINT_PATH(Main.java:113)&#13;&#10;&#9;at metro.Main.PRINT_PATH(Main.java:113)&#13;&#10;&#9;at metro.Main.PRINT_PATH(Main.java:113)&#13;&#10;&#9;at metro.Main.PRINT_PATH(Main.java:113)&#13;&#10;&#9;at metro.Main.PRINT_PATH(Main.java:113)&#13;&#10;&#9;at metro.Main.PRINT_PATH(Main.java:113)&#13;&#10;&#9;at metro.Main.PRINT_PATH(Main.java:113)&#13;&#10;&#9;at metro.Main.PRINT_PATH(Main.java:113)&#13;&#10;&#9;at metro.Main.PRINT_PATH(Main.java:113)&#13;&#10;&#9;at metro.Main.PRINT_PATH(Main.java:113)&#13;&#10;&#9;at metro.Main.PRINT_PATH(Main.java:113)&#13;&#10;&#9;at metro.Main.PRINT_PATH(Main.java:113)&#13;&#10;&#9;at metro.Main.PRINT_PATH(Main.java:113)&#13;&#10;&#9;at metro.Main.PRINT_PATH(Main.java:113)&#13;&#10;&#9;at metro.Main.PRINT_PATH(Main.java:113)&#13;&#10;&#9;at metro.Main.PRINT_PATH(Main.java:113)&#13;&#10;&#9;at metro.Main.PRINT_PATH(Main.java:113)&#13;&#10;&#9;at metro.Main.PRINT_PATH(Main.java:113)&#13;&#10;&#9;at metro.Main.PRINT_PATH(Main.java:113)&#13;&#10;&#9;at metro.Main.PRINT_PATH(Main.java:113)&#13;&#10;&#9;at metro.Main.PRINT_PATH(Main.java:113)&#13;&#10;&#9;at metro.Main.PRINT_PATH(Main.java:113)&#13;&#10;&#9;at metro.Main.PRINT_PATH(Main.java:113)&#13;&#10;&#9;at metro.Main.PRINT_PATH(Main.java:113)&#13;&#10;&#9;at metro.Main.PRINT_PATH(Main.java:113)&#13;&#10;&#9;at metro.Main.PRINT_PATH(Main.java:113)&#13;&#10;&#9;at metro.Main.PRINT_PATH(Main.java:113)&#13;&#10;&#9;at metro.Main.PRINT_PATH(Main.java:113)&#13;&#10;&#9;at metro.Main.PRINT_PATH(Main.java:113)&#13;&#10;&#9;at metro.Main.PRINT_PATH(Main.java:113)&#13;&#10;&#9;at metro.Main.PRINT_PATH(Main.java:113)&#13;&#10;&#9;at metro.Main.PRINT_PATH(Main.java:113)&#13;&#10;&#9;at metro.Main.PRINT_PATH(Main.java:113)&#13;&#10;&#9;at metro.Main.PRINT_PATH(Main.java:113)&#13;&#10;&#9;at metro.Main.PRINT_PATH(Main.java:113)&#13;&#10;&#9;at metro.Main.PRINT_PATH(Main.java:113)&#13;&#10;&#9;at metro.Main.PRINT_PATH(Main.java:113)&#13;&#10;&#9;at metro.Main.PRINT_PATH(Main.java:113)&#13;&#10;&#9;at metro.Main.PRINT_PATH(Main.java:113)&#13;&#10;&#9;at metro.Main.PRINT_PATH(Main.java:113)&#13;&#10;&#9;at metro.Main.PRINT_PATH(Main.java:113)&#13;&#10;&#9;at metro.Main.PRINT_PATH(Main.java:113)&#13;&#10;&#9;at metro.Main.PRINT_PATH(Main.java:113)&#13;&#10;&#9;at metro.Main.PRINT_PATH(Main.java:113)&#13;&#10;&#9;at metro.Main.PRINT_PATH(Main.java:113)&#13;&#10;&#9;at metro.Main.PRINT_PATH(Main.java:113)&#13;&#10;&#9;at metro.Main.PRINT_PATH(Main.java:113)&#13;&#10;&#9;at metro.Main.PRINT_PATH(Main.java:113)&#13;&#10;&#9;at metro.Main.PRINT_PATH(Main.java:113)&#13;&#10;&#9;at metro.Main.PRINT_PATH(Main.java:113)&#13;&#10;&#9;at metro.Main.PRINT_PATH(Main.java:113)&#13;&#10;&#9;at metro.Main.PRINT_PATH(Main.java:113)&#13;&#10;&#9;at metro.Main.PRINT_PATH(Main.java:113)&#13;&#10;&#9;at metro.Main.PRINT_PATH(Main.java:113)&#13;&#10;&#9;at metro.Main.PRINT_PATH(Main.java:113)&#13;&#10;&#9;at metro.Main.PRINT_PATH(Main.java:113)&#13;&#10;&#9;at metro.Main.PRINT_PATH(Main.java:113)&#13;&#10;&#9;at metro.Main.PRINT_PATH(Main.java:113)&#13;&#10;&#9;at metro.Main.PRINT_PATH(Main.java:113)&#13;&#10;&#9;at metro.Main.PRINT_PATH(Main.java:113)&#13;&#10;&#9;at metro.Main.PRINT_PATH(Main.java:113)&#13;&#10;&#9;at metro.Main.PRINT_PATH(Main.java:113)&#13;&#10;&#9;at metro.Main.PRINT_PATH(Main.java:113)&#13;&#10;&#9;at metro.Main.PRINT_PATH(Main.java:113)&#13;&#10;&#9;at metro.Main.PRINT_PATH(Main.java:113)&#13;&#10;&#9;at metro.Main.PRINT_PATH(Main.java:113)&#13;&#10;&#9;at metro.Main.PRINT_PATH(Main.java:113)&#13;&#10;&#9;at metro.Main.PRINT_PATH(Main.java:113)&#13;&#10;&#9;at metro.Main.PRINT_PATH(Main.java:113)&#13;&#10;&#9;at metro.Main.PRINT_PATH(Main.java:113)&#13;&#10;&#9;at metro.Main.PRINT_PATH(Main.java:113)&#13;&#10;&#9;at metro.Main.PRINT_PATH(Main.java:113)&#13;&#10;&#9;at metro.Main.PRINT_PATH(Main.java:113)&#13;&#10;&#9;at metro.Main.PRINT_PATH(Main.java:113)&#13;&#10;&#9;at metro.Main.PRINT_PATH(Main.java:113)&#13;&#10;&#9;at metro.Main.PRINT_PATH(Main.java:113)&#13;&#10;&#9;at metro.Main.PRINT_PATH(Main.java:113)&#13;&#10;&#9;at metro.Main.PRINT_PATH(Main.java:113)&#13;&#10;&#9;at metro.Main.PRINT_PATH(Main.java:113)&#13;&#10;&#9;at metro.Main.PRINT_PATH(Main.java:113)&#13;&#10;&#9;at metro.Main.PRINT_PATH(Main.java:113)&#13;&#10;&#9;at metro.Main.PRINT_PATH(Main.java:113)&#13;&#10;&#9;at metro.Main.PRINT_PATH(Main.java:113)&#13;&#10;&#9;at metro.Main.PRINT_PATH(Main.java:113)&#13;&#10;&#9;at metro.Main.PRINT_PATH(Main.java:113)&#13;&#10;&#9;at metro.Main.PRINT_PATH(Main.java:113)&#13;&#10;&#9;at metro.Main.PRINT_PATH(Main.java:113)&#13;&#10;&#9;at metro.Main.PRINT_PATH(Main.java:113)&#13;&#10;&#9;at metro.Main.PRINT_PATH(Main.java:113)&#13;&#10;&#9;at metro.Main.PRINT_PATH(Main.java:113)&#13;&#10;&#9;at metro.Main.PRINT_PATH(Main.java:113)&#13;&#10;&#9;at metro.Main.PRINT_PATH(Main.java:113)&#13;&#10;&#9;at metro.Main.PRINT_PATH(Main.java:113)&#13;&#10;&#9;at metro.Main.PRINT_PATH(Main.java:113)&#13;&#10;&#9;at metro.Main.PRINT_PATH(Main.java:113)&#13;&#10;&#9;at metro.Main.PRINT_PATH(Main.java:113)&#13;&#10;&#9;at metro.Main.PRINT_PATH(Main.java:113)&#13;&#10;&#9;at metro.Main.PRINT_PATH(Main.java:113)&#13;&#10;&#9;at metro.Main.PRINT_PATH(Main.java:113)&#13;&#10;&#9;at metro.Main.PRINT_PATH(Main.java:113)&#13;&#10;&#9;at metro.Main.PRINT_PATH(Main.java:113)&#13;&#10;&#9;at metro.Main.PRINT_PATH(Main.java:113)&#13;&#10;&#9;at metro.Main.PRINT_PATH(Main.java:113)&#13;&#10;&#9;at metro.Main.PRINT_PATH(Main.java:113)&#13;&#10;&#9;at metro.Main.PRINT_PATH(Main.java:113)&#13;&#10;&#9;at metro.Main.PRINT_PATH(Main.java:113)&#13;&#10;&#9;at metro.Main.PRINT_PATH(Main.java:113)&#13;&#10;&#9;at metro.Main.PRINT_PATH(Main.java:113)&#13;&#10;&#9;at metro.Main.PRINT_PATH(Main.java:113)&#13;&#10;&#9;at metro.Main.PRINT_PATH(Main.java:113)&#13;&#10;&#9;at metro.Main.PRINT_PATH(Main.java:113)&#13;&#10;&#9;at metro.Main.PRINT_PATH(Main.java:113)&#13;&#10;&#9;at metro.Main.PRINT_PATH(Main.java:113)&#13;&#10;&#9;at metro.Main.PRINT_PATH(Main.java:113)&#13;&#10;&#9;at metro.Main.PRINT_PATH(Main.java:113)&#13;&#10;&#9;at metro.Main.PRINT_PATH(Main.java:113)&#13;&#10;&#9;at metro.Main.PRINT_PATH(Main.java:113)&#13;&#10;&#9;at metro.Main.PRINT_PATH(Main.java:113)&#13;&#10;&#9;at metro.Main.PRINT_PATH(Main.java:113)&#13;&#10;&#9;at metro.Main.PRINT_PATH(Main.java:113)&#13;&#10;&#9;at metro.Main.PRINT_PATH(Main.java:113)&#13;&#10;&#9;at metro.Main.PRINT_PATH(Main.java:113)&#13;&#10;&#9;at metro.Main.PRINT_PATH(Main.java:113)&#13;&#10;&#9;at metro.Main.PRINT_PATH(Main.java:113)&#13;&#10;&#9;at metro.Main.PRINT_PATH(Main.java:113)&#13;&#10;&#9;at metro.Main.PRINT_PATH(Main.java:113)&#13;&#10;&#9;at metro.Main.PRINT_PATH(Main.java:113)&#13;&#10;&#9;at metro.Main.PRINT_PATH(Main.java:113)&#13;&#10;&#9;at metro.Main.PRINT_PATH(Main.java:113)&#13;&#10;&#9;at metro.Main.PRINT_PATH(Main.java:113)&#13;&#10;&#9;at metro.Main.PRINT_PATH(Main.java:113)&#13;&#10;&#9;at metro.Main.PRINT_PATH(Main.java:113)&#13;&#10;&#9;at metro.Main.PRINT_PATH(Main.java:113)&#13;&#10;&#9;at metro.Main.PRINT_PATH(Main.java:113)&#13;&#10;&#9;at metro.Main.PRINT_PATH(Main.java:113)&#13;&#10;&#9;at metro.Main.PRINT_PATH(Main.java:113)&#13;&#10;&#9;at metro.Main.PRINT_PATH(Main.java:113)&#13;&#10;&#9;at metro.Main.PRINT_PATH(Main.java:113)&#13;&#10;&#9;at metro.Main.PRINT_PATH(Main.java:113)&#10;&#10;Please find below the output of your program during this failed test.&#10;Note that the '&gt;' character indicates the beginning of the input line.&#10;&#10;---&#10;&#10;Arguments: ./test/london.json&#10;&#10;&gt; /fastest-route &quot;District line&quot; &quot;Richmond&quot; &quot;District line&quot; &quot;Gunnersbury&quot;" type="java.lang.AssertionError">java.lang.AssertionError: Exception in test #6

java.lang.StackOverflowError
	at metro.Main.PRINT_PATH(Main.java:113)
	at metro.Main.PRINT_PATH(Main.java:113)
	at metro.Main.PRINT_PATH(Main.java:113)
	at metro.Main.PRINT_PATH(Main.java:113)
	at metro.Main.PRINT_PATH(Main.java:113)
	at metro.Main.PRINT_PATH(Main.java:113)
	at metro.Main.PRINT_PATH(Main.java:113)
	at metro.Main.PRINT_PATH(Main.java:113)
	at metro.Main.PRINT_PATH(Main.java:113)
	at metro.Main.PRINT_PATH(Main.java:113)
	at metro.Main.PRINT_PATH(Main.java:113)
	at metro.Main.PRINT_PATH(Main.java:113)
	at metro.Main.PRINT_PATH(Main.java:113)
	at metro.Main.PRINT_PATH(Main.java:113)
	at metro.Main.PRINT_PATH(Main.java:113)
	at metro.Main.PRINT_PATH(Main.java:113)
	at metro.Main.PRINT_PATH(Main.java:113)
	at metro.Main.PRINT_PATH(Main.java:113)
	at metro.Main.PRINT_PATH(Main.java:113)
	at metro.Main.PRINT_PATH(Main.java:113)
	at metro.Main.PRINT_PATH(Main.java:113)
	at metro.Main.PRINT_PATH(Main.java:113)
	at metro.Main.PRINT_PATH(Main.java:113)
	at metro.Main.PRINT_PATH(Main.java:113)
	at metro.Main.PRINT_PATH(Main.java:113)
	at metro.Main.PRINT_PATH(Main.java:113)
	at metro.Main.PRINT_PATH(Main.java:113)
	at metro.Main.PRINT_PATH(Main.java:113)
	at metro.Main.PRINT_PATH(Main.java:113)
	at metro.Main.PRINT_PATH(Main.java:113)
	at metro.Main.PRINT_PATH(Main.java:113)
	at metro.Main.PRINT_PATH(Main.java:113)
	at metro.Main.PRINT_PATH(Main.java:113)
	at metro.Main.PRINT_PATH(Main.java:113)
	at metro.Main.PRINT_PATH(Main.java:113)
	at metro.Main.PRINT_PATH(Main.java:113)
	at metro.Main.PRINT_PATH(Main.java:113)
	at metro.Main.PRINT_PATH(Main.java:113)
	at metro.Main.PRINT_PATH(Main.java:113)
	at metro.Main.PRINT_PATH(Main.java:113)
	at metro.Main.PRINT_PATH(Main.java:113)
	at metro.Main.PRINT_PATH(Main.java:113)
	at metro.Main.PRINT_PATH(Main.java:113)
	at metro.Main.PRINT_PATH(Main.java:113)
	at metro.Main.PRINT_PATH(Main.java:113)
	at metro.Main.PRINT_PATH(Main.java:113)
	at metro.Main.PRINT_PATH(Main.java:113)
	at metro.Main.PRINT_PATH(Main.java:113)
	at metro.Main.PRINT_PATH(Main.java:113)
	at metro.Main.PRINT_PATH(Main.java:113)
	at metro.Main.PRINT_PATH(Main.java:113)
	at metro.Main.PRINT_PATH(Main.java:113)
	at metro.Main.PRINT_PATH(Main.java:113)
	at metro.Main.PRINT_PATH(Main.java:113)
	at metro.Main.PRINT_PATH(Main.java:113)
	at metro.Main.PRINT_PATH(Main.java:113)
	at metro.Main.PRINT_PATH(Main.java:113)
	at metro.Main.PRINT_PATH(Main.java:113)
	at metro.Main.PRINT_PATH(Main.java:113)
	at metro.Main.PRINT_PATH(Main.java:113)
	at metro.Main.PRINT_PATH(Main.java:113)
	at metro.Main.PRINT_PATH(Main.java:113)
	at metro.Main.PRINT_PATH(Main.java:113)
	at metro.Main.PRINT_PATH(Main.java:113)
	at metro.Main.PRINT_PATH(Main.java:113)
	at metro.Main.PRINT_PATH(Main.java:113)
	at metro.Main.PRINT_PATH(Main.java:113)
	at metro.Main.PRINT_PATH(Main.java:113)
	at metro.Main.PRINT_PATH(Main.java:113)
	at metro.Main.PRINT_PATH(Main.java:113)
	at metro.Main.PRINT_PATH(Main.java:113)
	at metro.Main.PRINT_PATH(Main.java:113)
	at metro.Main.PRINT_PATH(Main.java:113)
	at metro.Main.PRINT_PATH(Main.java:113)
	at metro.Main.PRINT_PATH(Main.java:113)
	at metro.Main.PRINT_PATH(Main.java:113)
	at metro.Main.PRINT_PATH(Main.java:113)
	at metro.Main.PRINT_PATH(Main.java:113)
	at metro.Main.PRINT_PATH(Main.java:113)
	at metro.Main.PRINT_PATH(Main.java:113)
	at metro.Main.PRINT_PATH(Main.java:113)
	at metro.Main.PRINT_PATH(Main.java:113)
	at metro.Main.PRINT_PATH(Main.java:113)
	at metro.Main.PRINT_PATH(Main.java:113)
	at metro.Main.PRINT_PATH(Main.java:113)
	at metro.Main.PRINT_PATH(Main.java:113)
	at metro.Main.PRINT_PATH(Main.java:113)
	at metro.Main.PRINT_PATH(Main.java:113)
	at metro.Main.PRINT_PATH(Main.java:113)
	at metro.Main.PRINT_PATH(Main.java:113)
	at metro.Main.PRINT_PATH(Main.java:113)
	at metro.Main.PRINT_PATH(Main.java:113)
	at metro.Main.PRINT_PATH(Main.java:113)
	at metro.Main.PRINT_PATH(Main.java:113)
	at metro.Main.PRINT_PATH(Main.java:113)
	at metro.Main.PRINT_PATH(Main.java:113)
	at metro.Main.PRINT_PATH(Main.java:113)
	at metro.Main.PRINT_PATH(Main.java:113)
	at metro.Main.PRINT_PATH(Main.java:113)
	at metro.Main.PRINT_PATH(Main.java:113)
	at metro.Main.PRINT_PATH(Main.java:113)
	at metro.Main.PRINT_PATH(Main.java:113)
	at metro.Main.PRINT_PATH(Main.java:113)
	at metro.Main.PRINT_PATH(Main.java:113)
	at metro.Main.PRINT_PATH(Main.java:113)
	at metro.Main.PRINT_PATH(Main.java:113)
	at metro.Main.PRINT_PATH(Main.java:113)
	at metro.Main.PRINT_PATH(Main.java:113)
	at metro.Main.PRINT_PATH(Main.java:113)
	at metro.Main.PRINT_PATH(Main.java:113)
	at metro.Main.PRINT_PATH(Main.java:113)
	at metro.Main.PRINT_PATH(Main.java:113)
	at metro.Main.PRINT_PATH(Main.java:113)
	at metro.Main.PRINT_PATH(Main.java:113)
	at metro.Main.PRINT_PATH(Main.java:113)
	at metro.Main.PRINT_PATH(Main.java:113)
	at metro.Main.PRINT_PATH(Main.java:113)
	at metro.Main.PRINT_PATH(Main.java:113)
	at metro.Main.PRINT_PATH(Main.java:113)
	at metro.Main.PRINT_PATH(Main.java:113)
	at metro.Main.PRINT_PATH(Main.java:113)
	at metro.Main.PRINT_PATH(Main.java:113)
	at metro.Main.PRINT_PATH(Main.java:113)
	at metro.Main.PRINT_PATH(Main.java:113)
	at metro.Main.PRINT_PATH(Main.java:113)
	at metro.Main.PRINT_PATH(Main.java:113)
	at metro.Main.PRINT_PATH(Main.java:113)
	at metro.Main.PRINT_PATH(Main.java:113)
	at metro.Main.PRINT_PATH(Main.java:113)
	at metro.Main.PRINT_PATH(Main.java:113)
	at metro.Main.PRINT_PATH(Main.java:113)
	at metro.Main.PRINT_PATH(Main.java:113)
	at metro.Main.PRINT_PATH(Main.java:113)
	at metro.Main.PRINT_PATH(Main.java:113)
	at metro.Main.PRINT_PATH(Main.java:113)
	at metro.Main.PRINT_PATH(Main.java:113)
	at metro.Main.PRINT_PATH(Main.java:113)
	at metro.Main.PRINT_PATH(Main.java:113)
	at metro.Main.PRINT_PATH(Main.java:113)
	at metro.Main.PRINT_PATH(Main.java:113)
	at metro.Main.PRINT_PATH(Main.java:113)
	at metro.Main.PRINT_PATH(Main.java:113)
	at metro.Main.PRINT_PATH(Main.java:113)
	at metro.Main.PRINT_PATH(Main.java:113)
	at metro.Main.PRINT_PATH(Main.java:113)
	at metro.Main.PRINT_PATH(Main.java:113)
	at metro.Main.PRINT_PATH(Main.java:113)
	at metro.Main.PRINT_PATH(Main.java:113)
	at metro.Main.PRINT_PATH(Main.java:113)
	at metro.Main.PRINT_PATH(Main.java:113)
	at metro.Main.PRINT_PATH(Main.java:113)
	at metro.Main.PRINT_PATH(Main.java:113)
	at metro.Main.PRINT_PATH(Main.java:113)
	at metro.Main.PRINT_PATH(Main.java:113)
	at metro.Main.PRINT_PATH(Main.java:113)
	at metro.Main.PRINT_PATH(Main.java:113)
	at metro.Main.PRINT_PATH(Main.java:113)
	at metro.Main.PRINT_PATH(Main.java:113)
	at metro.Main.PRINT_PATH(Main.java:113)
	at metro.Main.PRINT_PATH(Main.java:113)
	at metro.Main.PRINT_PATH(Main.java:113)
	at metro.Main.PRINT_PATH(Main.java:113)
	at metro.Main.PRINT_PATH(Main.java:113)
	at metro.Main.PRINT_PATH(Main.java:113)
	at metro.Main.PRINT_PATH(Main.java:113)
	at metro.Main.PRINT_PATH(Main.java:113)
	at metro.Main.PRINT_PATH(Main.java:113)
	at metro.Main.PRINT_PATH(Main.java:113)
	at metro.Main.PRINT_PATH(Main.java:113)
	at metro.Main.PRINT_PATH(Main.java:113)
	at metro.Main.PRINT_PATH(Main.java:113)
	at metro.Main.PRINT_PATH(Main.java:113)
	at metro.Main.PRINT_PATH(Main.java:113)
	at metro.Main.PRINT_PATH(Main.java:113)
	at metro.Main.PRINT_PATH(Main.java:113)
	at metro.Main.PRINT_PATH(Main.java:113)
	at metro.Main.PRINT_PATH(Main.java:113)
	at metro.Main.PRINT_PATH(Main.java:113)
	at metro.Main.PRINT_PATH(Main.java:113)
	at metro.Main.PRINT_PATH(Main.java:113)
	at metro.Main.PRINT_PATH(Main.java:113)
	at metro.Main.PRINT_PATH(Main.java:113)
	at metro.Main.PRINT_PATH(Main.java:113)
	at metro.Main.PRINT_PATH(Main.java:113)
	at metro.Main.PRINT_PATH(Main.java:113)
	at metro.Main.PRINT_PATH(Main.java:113)
	at metro.Main.PRINT_PATH(Main.java:113)
	at metro.Main.PRINT_PATH(Main.java:113)
	at metro.Main.PRINT_PATH(Main.java:113)
	at metro.Main.PRINT_PATH(Main.java:113)
	at metro.Main.PRINT_PATH(Main.java:113)
	at metro.Main.PRINT_PATH(Main.java:113)
	at metro.Main.PRINT_PATH(Main.java:113)
	at metro.Main.PRINT_PATH(Main.java:113)
	at metro.Main.PRINT_PATH(Main.java:113)
	at metro.Main.PRINT_PATH(Main.java:113)
	at metro.Main.PRINT_PATH(Main.java:113)
	at metro.Main.PRINT_PATH(Main.java:113)
	at metro.Main.PRINT_PATH(Main.java:113)
	at metro.Main.PRINT_PATH(Main.java:113)
	at metro.Main.PRINT_PATH(Main.java:113)
	at metro.Main.PRINT_PATH(Main.java:113)
	at metro.Main.PRINT_PATH(Main.java:113)
	at metro.Main.PRINT_PATH(Main.java:113)
	at metro.Main.PRINT_PATH(Main.java:113)
	at metro.Main.PRINT_PATH(Main.java:113)
	at metro.Main.PRINT_PATH(Main.java:113)
	at metro.Main.PRINT_PATH(Main.java:113)
	at metro.Main.PRINT_PATH(Main.java:113)
	at metro.Main.PRINT_PATH(Main.java:113)
	at metro.Main.PRINT_PATH(Main.java:113)
	at metro.Main.PRINT_PATH(Main.java:113)
	at metro.Main.PRINT_PATH(Main.java:113)
	at metro.Main.PRINT_PATH(Main.java:113)
	at metro.Main.PRINT_PATH(Main.java:113)
	at metro.Main.PRINT_PATH(Main.java:113)
	at metro.Main.PRINT_PATH(Main.java:113)
	at metro.Main.PRINT_PATH(Main.java:113)
	at metro.Main.PRINT_PATH(Main.java:113)
	at metro.Main.PRINT_PATH(Main.java:113)
	at metro.Main.PRINT_PATH(Main.java:113)
	at metro.Main.PRINT_PATH(Main.java:113)
	at metro.Main.PRINT_PATH(Main.java:113)
	at metro.Main.PRINT_PATH(Main.java:113)
	at metro.Main.PRINT_PATH(Main.java:113)
	at metro.Main.PRINT_PATH(Main.java:113)
	at metro.Main.PRINT_PATH(Main.java:113)
	at metro.Main.PRINT_PATH(Main.java:113)
	at metro.Main.PRINT_PATH(Main.java:113)
	at metro.Main.PRINT_PATH(Main.java:113)
	at metro.Main.PRINT_PATH(Main.java:113)
	at metro.Main.PRINT_PATH(Main.java:113)
	at metro.Main.PRINT_PATH(Main.java:113)
	at metro.Main.PRINT_PATH(Main.java:113)
	at metro.Main.PRINT_PATH(Main.java:113)
	at metro.Main.PRINT_PATH(Main.java:113)
	at metro.Main.PRINT_PATH(Main.java:113)
	at metro.Main.PRINT_PATH(Main.java:113)
	at metro.Main.PRINT_PATH(Main.java:113)
	at metro.Main.PRINT_PATH(Main.java:113)
	at metro.Main.PRINT_PATH(Main.java:113)
	at metro.Main.PRINT_PATH(Main.java:113)
	at metro.Main.PRINT_PATH(Main.java:113)
	at metro.Main.PRINT_PATH(Main.java:113)
	at metro.Main.PRINT_PATH(Main.java:113)
	at metro.Main.PRINT_PATH(Main.java:113)
	at metro.Main.PRINT_PATH(Main.java:113)
	at metro.Main.PRINT_PATH(Main.java:113)
	at metro.Main.PRINT_PATH(Main.java:113)
	at metro.Main.PRINT_PATH(Main.java:113)
	at metro.Main.PRINT_PATH(Main.java:113)
	at metro.Main.PRINT_PATH(Main.java:113)
	at metro.Main.PRINT_PATH(Main.java:113)
	at metro.Main.PRINT_PATH(Main.java:113)
	at metro.Main.PRINT_PATH(Main.java:113)
	at metro.Main.PRINT_PATH(Main.java:113)
	at metro.Main.PRINT_PATH(Main.java:113)
	at metro.Main.PRINT_PATH(Main.java:113)
	at metro.Main.PRINT_PATH(Main.java:113)
	at metro.Main.PRINT_PATH(Main.java:113)
	at metro.Main.PRINT_PATH(Main.java:113)
	at metro.Main.PRINT_PATH(Main.java:113)
	at metro.Main.PRINT_PATH(Main.java:113)
	at metro.Main.PRINT_PATH(Main.java:113)
	at metro.Main.PRINT_PATH(Main.java:113)
	at metro.Main.PRINT_PATH(Main.java:113)
	at metro.Main.PRINT_PATH(Main.java:113)
	at metro.Main.PRINT_PATH(Main.java:113)
	at metro.Main.PRINT_PATH(Main.java:113)
	at metro.Main.PRINT_PATH(Main.java:113)
	at metro.Main.PRINT_PATH(Main.java:113)
	at metro.Main.PRINT_PATH(Main.java:113)
	at metro.Main.PRINT_PATH(Main.java:113)
	at metro.Main.PRINT_PATH(Main.java:113)
	at metro.Main.PRINT_PATH(Main.java:113)
	at metro.Main.PRINT_PATH(Main.java:113)
	at metro.Main.PRINT_PATH(Main.java:113)
	at metro.Main.PRINT_PATH(Main.java:113)
	at metro.Main.PRINT_PATH(Main.java:113)
	at metro.Main.PRINT_PATH(Main.java:113)
	at metro.Main.PRINT_PATH(Main.java:113)
	at metro.Main.PRINT_PATH(Main.java:113)
	at metro.Main.PRINT_PATH(Main.java:113)
	at metro.Main.PRINT_PATH(Main.java:113)
	at metro.Main.PRINT_PATH(Main.java:113)
	at metro.Main.PRINT_PATH(Main.java:113)
	at metro.Main.PRINT_PATH(Main.java:113)
	at metro.Main.PRINT_PATH(Main.java:113)
	at metro.Main.PRINT_PATH(Main.java:113)
	at metro.Main.PRINT_PATH(Main.java:113)
	at metro.Main.PRINT_PATH(Main.java:113)
	at metro.Main.PRINT_PATH(Main.java:113)
	at metro.Main.PRINT_PATH(Main.java:113)
	at metro.Main.PRINT_PATH(Main.java:113)
	at metro.Main.PRINT_PATH(Main.java:113)
	at metro.Main.PRINT_PATH(Main.java:113)
	at metro.Main.PRINT_PATH(Main.java:113)
	at metro.Main.PRINT_PATH(Main.java:113)
	at metro.Main.PRINT_PATH(Main.java:113)
	at metro.Main.PRINT_PATH(Main.java:113)
	at metro.Main.PRINT_PATH(Main.java:113)
	at metro.Main.PRINT_PATH(Main.java:113)
	at metro.Main.PRINT_PATH(Main.java:113)
	at metro.Main.PRINT_PATH(Main.java:113)
	at metro.Main.PRINT_PATH(Main.java:113)
	at metro.Main.PRINT_PATH(Main.java:113)
	at metro.Main.PRINT_PATH(Main.java:113)
	at metro.Main.PRINT_PATH(Main.java:113)
	at metro.Main.PRINT_PATH(Main.java:113)
	at metro.Main.PRINT_PATH(Main.java:113)
	at metro.Main.PRINT_PATH(Main.java:113)
	at metro.Main.PRINT_PATH(Main.java:113)
	at metro.Main.PRINT_PATH(Main.java:113)
	at metro.Main.PRINT_PATH(Main.java:113)
	at metro.Main.PRINT_PATH(Main.java:113)
	at metro.Main.PRINT_PATH(Main.java:113)
	at metro.Main.PRINT_PATH(Main.java:113)
	at metro.Main.PRINT_PATH(Main.java:113)
	at metro.Main.PRINT_PATH(Main.java:113)
	at metro.Main.PRINT_PATH(Main.java:113)
	at metro.Main.PRINT_PATH(Main.java:113)
	at metro.Main.PRINT_PATH(Main.java:113)
	at metro.Main.PRINT_PATH(Main.java:113)
	at metro.Main.PRINT_PATH(Main.java:113)
	at metro.Main.PRINT_PATH(Main.java:113)
	at metro.Main.PRINT_PATH(Main.java:113)
	at metro.Main.PRINT_PATH(Main.java:113)
	at metro.Main.PRINT_PATH(Main.java:113)
	at metro.Main.PRINT_PATH(Main.java:113)
	at metro.Main.PRINT_PATH(Main.java:113)
	at metro.Main.PRINT_PATH(Main.java:113)
	at metro.Main.PRINT_PATH(Main.java:113)
	at metro.Main.PRINT_PATH(Main.java:113)
	at metro.Main.PRINT_PATH(Main.java:113)
	at metro.Main.PRINT_PATH(Main.java:113)
	at metro.Main.PRINT_PATH(Main.java:113)
	at metro.Main.PRINT_PATH(Main.java:113)
	at metro.Main.PRINT_PATH(Main.java:113)
	at metro.Main.PRINT_PATH(Main.java:113)
	at metro.Main.PRINT_PATH(Main.java:113)
	at metro.Main.PRINT_PATH(Main.java:113)
	at metro.Main.PRINT_PATH(Main.java:113)
	at metro.Main.PRINT_PATH(Main.java:113)
	at metro.Main.PRINT_PATH(Main.java:113)
	at metro.Main.PRINT_PATH(Main.java:113)
	at metro.Main.PRINT_PATH(Main.java:113)
	at metro.Main.PRINT_PATH(Main.java:113)
	at metro.Main.PRINT_PATH(Main.java:113)
	at metro.Main.PRINT_PATH(Main.java:113)
	at metro.Main.PRINT_PATH(Main.java:113)
	at metro.Main.PRINT_PATH(Main.java:113)
	at metro.Main.PRINT_PATH(Main.java:113)
	at metro.Main.PRINT_PATH(Main.java:113)
	at metro.Main.PRINT_PATH(Main.java:113)
	at metro.Main.PRINT_PATH(Main.java:113)
	at metro.Main.PRINT_PATH(Main.java:113)
	at metro.Main.PRINT_PATH(Main.java:113)
	at metro.Main.PRINT_PATH(Main.java:113)
	at metro.Main.PRINT_PATH(Main.java:113)
	at metro.Main.PRINT_PATH(Main.java:113)
	at metro.Main.PRINT_PATH(Main.java:113)
	at metro.Main.PRINT_PATH(Main.java:113)
	at metro.Main.PRINT_PATH(Main.java:113)
	at metro.Main.PRINT_PATH(Main.java:113)
	at metro.Main.PRINT_PATH(Main.java:113)
	at metro.Main.PRINT_PATH(Main.java:113)
	at metro.Main.PRINT_PATH(Main.java:113)
	at metro.Main.PRINT_PATH(Main.java:113)
	at metro.Main.PRINT_PATH(Main.java:113)
	at metro.Main.PRINT_PATH(Main.java:113)
	at metro.Main.PRINT_PATH(Main.java:113)
	at metro.Main.PRINT_PATH(Main.java:113)
	at metro.Main.PRINT_PATH(Main.java:113)
	at metro.Main.PRINT_PATH(Main.java:113)
	at metro.Main.PRINT_PATH(Main.java:113)
	at metro.Main.PRINT_PATH(Main.java:113)
	at metro.Main.PRINT_PATH(Main.java:113)
	at metro.Main.PRINT_PATH(Main.java:113)
	at metro.Main.PRINT_PATH(Main.java:113)
	at metro.Main.PRINT_PATH(Main.java:113)
	at metro.Main.PRINT_PATH(Main.java:113)
	at metro.Main.PRINT_PATH(Main.java:113)
	at metro.Main.PRINT_PATH(Main.java:113)
	at metro.Main.PRINT_PATH(Main.java:113)
	at metro.Main.PRINT_PATH(Main.java:113)
	at metro.Main.PRINT_PATH(Main.java:113)
	at metro.Main.PRINT_PATH(Main.java:113)
	at metro.Main.PRINT_PATH(Main.java:113)
	at metro.Main.PRINT_PATH(Main.java:113)
	at metro.Main.PRINT_PATH(Main.java:113)
	at metro.Main.PRINT_PATH(Main.java:113)
	at metro.Main.PRINT_PATH(Main.java:113)
	at metro.Main.PRINT_PATH(Main.java:113)
	at metro.Main.PRINT_PATH(Main.java:113)
	at metro.Main.PRINT_PATH(Main.java:113)
	at metro.Main.PRINT_PATH(Main.java:113)
	at metro.Main.PRINT_PATH(Main.java:113)
	at metro.Main.PRINT_PATH(Main.java:113)
	at metro.Main.PRINT_PATH(Main.java:113)
	at metro.Main.PRINT_PATH(Main.java:113)
	at metro.Main.PRINT_PATH(Main.java:113)
	at metro.Main.PRINT_PATH(Main.java:113)
	at metro.Main.PRINT_PATH(Main.java:113)
	at metro.Main.PRINT_PATH(Main.java:113)
	at metro.Main.PRINT_PATH(Main.java:113)
	at metro.Main.PRINT_PATH(Main.java:113)
	at metro.Main.PRINT_PATH(Main.java:113)
	at metro.Main.PRINT_PATH(Main.java:113)
	at metro.Main.PRINT_PATH(Main.java:113)
	at metro.Main.PRINT_PATH(Main.java:113)
	at metro.Main.PRINT_PATH(Main.java:113)
	at metro.Main.PRINT_PATH(Main.java:113)
	at metro.Main.PRINT_PATH(Main.java:113)
	at metro.Main.PRINT_PATH(Main.java:113)
	at metro.Main.PRINT_PATH(Main.java:113)
	at metro.Main.PRINT_PATH(Main.java:113)
	at metro.Main.PRINT_PATH(Main.java:113)
	at metro.Main.PRINT_PATH(Main.java:113)
	at metro.Main.PRINT_PATH(Main.java:113)
	at metro.Main.PRINT_PATH(Main.java:113)
	at metro.Main.PRINT_PATH(Main.java:113)
	at metro.Main.PRINT_PATH(Main.java:113)
	at metro.Main.PRINT_PATH(Main.java:113)
	at metro.Main.PRINT_PATH(Main.java:113)
	at metro.Main.PRINT_PATH(Main.java:113)
	at metro.Main.PRINT_PATH(Main.java:113)
	at metro.Main.PRINT_PATH(Main.java:113)
	at metro.Main.PRINT_PATH(Main.java:113)
	at metro.Main.PRINT_PATH(Main.java:113)
	at metro.Main.PRINT_PATH(Main.java:113)
	at metro.Main.PRINT_PATH(Main.java:113)
	at metro.Main.PRINT_PATH(Main.java:113)
	at metro.Main.PRINT_PATH(Main.java:113)
	at metro.Main.PRINT_PATH(Main.java:113)
	at metro.Main.PRINT_PATH(Main.java:113)
	at metro.Main.PRINT_PATH(Main.java:113)
	at metro.Main.PRINT_PATH(Main.java:113)
	at metro.Main.PRINT_PATH(Main.java:113)
	at metro.Main.PRINT_PATH(Main.java:113)
	at metro.Main.PRINT_PATH(Main.java:113)
	at metro.Main.PRINT_PATH(Main.java:113)
	at metro.Main.PRINT_PATH(Main.java:113)
	at metro.Main.PRINT_PATH(Main.java:113)
	at metro.Main.PRINT_PATH(Main.java:113)
	at metro.Main.PRINT_PATH(Main.java:113)
	at metro.Main.PRINT_PATH(Main.java:113)
	at metro.Main.PRINT_PATH(Main.java:113)
	at metro.Main.PRINT_PATH(Main.java:113)
	at metro.Main.PRINT_PATH(Main.java:113)
	at metro.Main.PRINT_PATH(Main.java:113)
	at metro.Main.PRINT_PATH(Main.java:113)
	at metro.Main.PRINT_PATH(Main.java:113)
	at metro.Main.PRINT_PATH(Main.java:113)
	at metro.Main.PRINT_PATH(Main.java:113)
	at metro.Main.PRINT_PATH(Main.java:113)
	at metro.Main.PRINT_PATH(Main.java:113)
	at metro.Main.PRINT_PATH(Main.java:113)
	at metro.Main.PRINT_PATH(Main.java:113)
	at metro.Main.PRINT_PATH(Main.java:113)
	at metro.Main.PRINT_PATH(Main.java:113)
	at metro.Main.PRINT_PATH(Main.java:113)
	at metro.Main.PRINT_PATH(Main.java:113)
	at metro.Main.PRINT_PATH(Main.java:113)
	at metro.Main.PRINT_PATH(Main.java:113)
	at metro.Main.PRINT_PATH(Main.java:113)
	at metro.Main.PRINT_PATH(Main.java:113)
	at metro.Main.PRINT_PATH(Main.java:113)
	at metro.Main.PRINT_PATH(Main.java:113)
	at metro.Main.PRINT_PATH(Main.java:113)
	at metro.Main.PRINT_PATH(Main.java:113)
	at metro.Main.PRINT_PATH(Main.java:113)
	at metro.Main.PRINT_PATH(Main.java:113)
	at metro.Main.PRINT_PATH(Main.java:113)
	at metro.Main.PRINT_PATH(Main.java:113)
	at metro.Main.PRINT_PATH(Main.java:113)
	at metro.Main.PRINT_PATH(Main.java:113)
	at metro.Main.PRINT_PATH(Main.java:113)
	at metro.Main.PRINT_PATH(Main.java:113)
	at metro.Main.PRINT_PATH(Main.java:113)
	at metro.Main.PRINT_PATH(Main.java:113)
	at metro.Main.PRINT_PATH(Main.java:113)
	at metro.Main.PRINT_PATH(Main.java:113)
	at metro.Main.PRINT_PATH(Main.java:113)
	at metro.Main.PRINT_PATH(Main.java:113)
	at metro.Main.PRINT_PATH(Main.java:113)
	at metro.Main.PRINT_PATH(Main.java:113)
	at metro.Main.PRINT_PATH(Main.java:113)
	at metro.Main.PRINT_PATH(Main.java:113)
	at metro.Main.PRINT_PATH(Main.java:113)
	at metro.Main.PRINT_PATH(Main.java:113)
	at metro.Main.PRINT_PATH(Main.java:113)
	at metro.Main.PRINT_PATH(Main.java:113)
	at metro.Main.PRINT_PATH(Main.java:113)
	at metro.Main.PRINT_PATH(Main.java:113)
	at metro.Main.PRINT_PATH(Main.java:113)
	at metro.Main.PRINT_PATH(Main.java:113)
	at metro.Main.PRINT_PATH(Main.java:113)
	at metro.Main.PRINT_PATH(Main.java:113)
	at metro.Main.PRINT_PATH(Main.java:113)
	at metro.Main.PRINT_PATH(Main.java:113)
	at metro.Main.PRINT_PATH(Main.java:113)
	at metro.Main.PRINT_PATH(Main.java:113)
	at metro.Main.PRINT_PATH(Main.java:113)
	at metro.Main.PRINT_PATH(Main.java:113)
	at metro.Main.PRINT_PATH(Main.java:113)
	at metro.Main.PRINT_PATH(Main.java:113)
	at metro.Main.PRINT_PATH(Main.java:113)
	at metro.Main.PRINT_PATH(Main.java:113)
	at metro.Main.PRINT_PATH(Main.java:113)
	at metro.Main.PRINT_PATH(Main.java:113)
	at metro.Main.PRINT_PATH(Main.java:113)
	at metro.Main.PRINT_PATH(Main.java:113)
	at metro.Main.PRINT_PATH(Main.java:113)
	at metro.Main.PRINT_PATH(Main.java:113)
	at metro.Main.PRINT_PATH(Main.java:113)
	at metro.Main.PRINT_PATH(Main.java:113)
	at metro.Main.PRINT_PATH(Main.java:113)
	at metro.Main.PRINT_PATH(Main.java:113)
	at metro.Main.PRINT_PATH(Main.java:113)
	at metro.Main.PRINT_PATH(Main.java:113)
	at metro.Main.PRINT_PATH(Main.java:113)
	at metro.Main.PRINT_PATH(Main.java:113)
	at metro.Main.PRINT_PATH(Main.java:113)
	at metro.Main.PRINT_PATH(Main.java:113)
	at metro.Main.PRINT_PATH(Main.java:113)
	at metro.Main.PRINT_PATH(Main.java:113)
	at metro.Main.PRINT_PATH(Main.java:113)
	at metro.Main.PRINT_PATH(Main.java:113)
	at metro.Main.PRINT_PATH(Main.java:113)
	at metro.Main.PRINT_PATH(Main.java:113)
	at metro.Main.PRINT_PATH(Main.java:113)
	at metro.Main.PRINT_PATH(Main.java:113)
	at metro.Main.PRINT_PATH(Main.java:113)
	at metro.Main.PRINT_PATH(Main.java:113)
	at metro.Main.PRINT_PATH(Main.java:113)
	at metro.Main.PRINT_PATH(Main.java:113)
	at metro.Main.PRINT_PATH(Main.java:113)
	at metro.Main.PRINT_PATH(Main.java:113)
	at metro.Main.PRINT_PATH(Main.java:113)
	at metro.Main.PRINT_PATH(Main.java:113)
	at metro.Main.PRINT_PATH(Main.java:113)
	at metro.Main.PRINT_PATH(Main.java:113)
	at metro.Main.PRINT_PATH(Main.java:113)
	at metro.Main.PRINT_PATH(Main.java:113)
	at metro.Main.PRINT_PATH(Main.java:113)
	at metro.Main.PRINT_PATH(Main.java:113)
	at metro.Main.PRINT_PATH(Main.java:113)
	at metro.Main.PRINT_PATH(Main.java:113)
	at metro.Main.PRINT_PATH(Main.java:113)
	at metro.Main.PRINT_PATH(Main.java:113)
	at metro.Main.PRINT_PATH(Main.java:113)
	at metro.Main.PRINT_PATH(Main.java:113)
	at metro.Main.PRINT_PATH(Main.java:113)
	at metro.Main.PRINT_PATH(Main.java:113)
	at metro.Main.PRINT_PATH(Main.java:113)
	at metro.Main.PRINT_PATH(Main.java:113)
	at metro.Main.PRINT_PATH(Main.java:113)
	at metro.Main.PRINT_PATH(Main.java:113)
	at metro.Main.PRINT_PATH(Main.java:113)
	at metro.Main.PRINT_PATH(Main.java:113)
	at metro.Main.PRINT_PATH(Main.java:113)
	at metro.Main.PRINT_PATH(Main.java:113)
	at metro.Main.PRINT_PATH(Main.java:113)
	at metro.Main.PRINT_PATH(Main.java:113)
	at metro.Main.PRINT_PATH(Main.java:113)
	at metro.Main.PRINT_PATH(Main.java:113)
	at metro.Main.PRINT_PATH(Main.java:113)
	at metro.Main.PRINT_PATH(Main.java:113)
	at metro.Main.PRINT_PATH(Main.java:113)
	at metro.Main.PRINT_PATH(Main.java:113)
	at metro.Main.PRINT_PATH(Main.java:113)
	at metro.Main.PRINT_PATH(Main.java:113)
	at metro.Main.PRINT_PATH(Main.java:113)
	at metro.Main.PRINT_PATH(Main.java:113)
	at metro.Main.PRINT_PATH(Main.java:113)
	at metro.Main.PRINT_PATH(Main.java:113)
	at metro.Main.PRINT_PATH(Main.java:113)
	at metro.Main.PRINT_PATH(Main.java:113)
	at metro.Main.PRINT_PATH(Main.java:113)
	at metro.Main.PRINT_PATH(Main.java:113)
	at metro.Main.PRINT_PATH(Main.java:113)
	at metro.Main.PRINT_PATH(Main.java:113)
	at metro.Main.PRINT_PATH(Main.java:113)
	at metro.Main.PRINT_PATH(Main.java:113)
	at metro.Main.PRINT_PATH(Main.java:113)
	at metro.Main.PRINT_PATH(Main.java:113)
	at metro.Main.PRINT_PATH(Main.java:113)
	at metro.Main.PRINT_PATH(Main.java:113)
	at metro.Main.PRINT_PATH(Main.java:113)
	at metro.Main.PRINT_PATH(Main.java:113)
	at metro.Main.PRINT_PATH(Main.java:113)
	at metro.Main.PRINT_PATH(Main.java:113)
	at metro.Main.PRINT_PATH(Main.java:113)
	at metro.Main.PRINT_PATH(Main.java:113)
	at metro.Main.PRINT_PATH(Main.java:113)
	at metro.Main.PRINT_PATH(Main.java:113)
	at metro.Main.PRINT_PATH(Main.java:113)
	at metro.Main.PRINT_PATH(Main.java:113)
	at metro.Main.PRINT_PATH(Main.java:113)
	at metro.Main.PRINT_PATH(Main.java:113)
	at metro.Main.PRINT_PATH(Main.java:113)
	at metro.Main.PRINT_PATH(Main.java:113)
	at metro.Main.PRINT_PATH(Main.java:113)
	at metro.Main.PRINT_PATH(Main.java:113)
	at metro.Main.PRINT_PATH(Main.java:113)
	at metro.Main.PRINT_PATH(Main.java:113)
	at metro.Main.PRINT_PATH(Main.java:113)
	at metro.Main.PRINT_PATH(Main.java:113)
[...]
	at metro.Main.PRINT_PATH(Main.java:113)
	at metro.Main.PRINT_PATH(Main.java:113)
	at metro.Main.PRINT_PATH(Main.java:113)
	at metro.Main.PRINT_PATH(Main.java:113)
	at metro.Main.PRINT_PATH(Main.java:113)
	at metro.Main.PRINT_PATH(Main.java:113)
	at metro.Main.PRINT_PATH(Main.java:113)
	at metro.Main.PRINT_PATH(Main.java:113)
	at metro.Main.PRINT_PATH(Main.java:113)
	at metro.Main.PRINT_PATH(Main.java:113)
	at metro.Main.PRINT_PATH(Main.java:113)
	at metro.Main.PRINT_PATH(Main.java:113)
	at metro.Main.PRINT_PATH(Main.java:113)
	at metro.Main.PRINT_PATH(Main.java:113)
	at metro.Main.PRINT_PATH(Main.java:113)
	at metro.Main.PRINT_PATH(Main.java:113)
	at metro.Main.PRINT_PATH(Main.java:113)
	at metro.Main.PRINT_PATH(Main.java:113)
	at metro.Main.PRINT_PATH(Main.java:113)
	at metro.Main.PRINT_PATH(Main.java:113)
	at metro.Main.PRINT_PATH(Main.java:113)
	at metro.Main.PRINT_PATH(Main.java:113)
	at metro.Main.PRINT_PATH(Main.java:113)
	at metro.Main.PRINT_PATH(Main.java:113)
	at metro.Main.PRINT_PATH(Main.java:113)
	at metro.Main.PRINT_PATH(Main.java:113)
	at metro.Main.PRINT_PATH(Main.java:113)
	at metro.Main.PRINT_PATH(Main.java:113)
	at metro.Main.PRINT_PATH(Main.java:113)
	at metro.Main.PRINT_PATH(Main.java:113)
	at metro.Main.PRINT_PATH(Main.java:113)
	at metro.Main.PRINT_PATH(Main.java:113)
	at metro.Main.PRINT_PATH(Main.java:113)
	at metro.Main.PRINT_PATH(Main.java:113)
	at metro.Main.PRINT_PATH(Main.java:113)
	at metro.Main.PRINT_PATH(Main.java:113)
	at metro.Main.PRINT_PATH(Main.java:113)
	at metro.Main.PRINT_PATH(Main.java:113)
	at metro.Main.PRINT_PATH(Main.java:113)
	at metro.Main.PRINT_PATH(Main.java:113)
	at metro.Main.PRINT_PATH(Main.java:113)
	at metro.Main.PRINT_PATH(Main.java:113)
	at metro.Main.PRINT_PATH(Main.java:113)
	at metro.Main.PRINT_PATH(Main.java:113)
	at metro.Main.PRINT_PATH(Main.java:113)
	at metro.Main.PRINT_PATH(Main.java:113)
	at metro.Main.PRINT_PATH(Main.java:113)
	at metro.Main.PRINT_PATH(Main.java:113)
	at metro.Main.PRINT_PATH(Main.java:113)
	at metro.Main.PRINT_PATH(Main.java:113)
	at metro.Main.PRINT_PATH(Main.java:113)
	at metro.Main.PRINT_PATH(Main.java:113)
	at metro.Main.PRINT_PATH(Main.java:113)
	at metro.Main.PRINT_PATH(Main.java:113)
	at metro.Main.PRINT_PATH(Main.java:113)
	at metro.Main.PRINT_PATH(Main.java:113)
	at metro.Main.PRINT_PATH(Main.java:113)
	at metro.Main.PRINT_PATH(Main.java:113)
	at metro.Main.PRINT_PATH(Main.java:113)
	at metro.Main.PRINT_PATH(Main.java:113)
	at metro.Main.PRINT_PATH(Main.java:113)
	at metro.Main.PRINT_PATH(Main.java:113)
	at metro.Main.PRINT_PATH(Main.java:113)
	at metro.Main.PRINT_PATH(Main.java:113)
	at metro.Main.PRINT_PATH(Main.java:113)
	at metro.Main.PRINT_PATH(Main.java:113)
	at metro.Main.PRINT_PATH(Main.java:113)
	at metro.Main.PRINT_PATH(Main.java:113)
	at metro.Main.PRINT_PATH(Main.java:113)
	at metro.Main.PRINT_PATH(Main.java:113)
	at metro.Main.PRINT_PATH(Main.java:113)
	at metro.Main.PRINT_PATH(Main.java:113)
	at metro.Main.PRINT_PATH(Main.java:113)
	at metro.Main.PRINT_PATH(Main.java:113)
	at metro.Main.PRINT_PATH(Main.java:113)
	at metro.Main.PRINT_PATH(Main.java:113)
	at metro.Main.PRINT_PATH(Main.java:113)
	at metro.Main.PRINT_PATH(Main.java:113)
	at metro.Main.PRINT_PATH(Main.java:113)
	at metro.Main.PRINT_PATH(Main.java:113)
	at metro.Main.PRINT_PATH(Main.java:113)
	at metro.Main.PRINT_PATH(Main.java:113)
	at metro.Main.PRINT_PATH(Main.java:113)
	at metro.Main.PRINT_PATH(Main.java:113)
	at metro.Main.PRINT_PATH(Main.java:113)
	at metro.Main.PRINT_PATH(Main.java:113)
	at metro.Main.PRINT_PATH(Main.java:113)
	at metro.Main.PRINT_PATH(Main.java:113)
	at metro.Main.PRINT_PATH(Main.java:113)
	at metro.Main.PRINT_PATH(Main.java:113)
	at metro.Main.PRINT_PATH(Main.java:113)
	at metro.Main.PRINT_PATH(Main.java:113)
	at metro.Main.PRINT_PATH(Main.java:113)
	at metro.Main.PRINT_PATH(Main.java:113)
	at metro.Main.PRINT_PATH(Main.java:113)
	at metro.Main.PRINT_PATH(Main.java:113)
	at metro.Main.PRINT_PATH(Main.java:113)
	at metro.Main.PRINT_PATH(Main.java:113)
	at metro.Main.PRINT_PATH(Main.java:113)
	at metro.Main.PRINT_PATH(Main.java:113)
	at metro.Main.PRINT_PATH(Main.java:113)
	at metro.Main.PRINT_PATH(Main.java:113)
	at metro.Main.PRINT_PATH(Main.java:113)
	at metro.Main.PRINT_PATH(Main.java:113)
	at metro.Main.PRINT_PATH(Main.java:113)
	at metro.Main.PRINT_PATH(Main.java:113)
	at metro.Main.PRINT_PATH(Main.java:113)
	at metro.Main.PRINT_PATH(Main.java:113)
	at metro.Main.PRINT_PATH(Main.java:113)
	at metro.Main.PRINT_PATH(Main.java:113)
	at metro.Main.PRINT_PATH(Main.java:113)
	at metro.Main.PRINT_PATH(Main.java:113)
	at metro.Main.PRINT_PATH(Main.java:113)
	at metro.Main.PRINT_PATH(Main.java:113)
	at metro.Main.PRINT_PATH(Main.java:113)
	at metro.Main.PRINT_PATH(Main.java:113)
	at metro.Main.PRINT_PATH(Main.java:113)
	at metro.Main.PRINT_PATH(Main.java:113)
	at metro.Main.PRINT_PATH(Main.java:113)
	at metro.Main.PRINT_PATH(Main.java:113)
	at metro.Main.PRINT_PATH(Main.java:113)
	at metro.Main.PRINT_PATH(Main.java:113)
	at metro.Main.PRINT_PATH(Main.java:113)
	at metro.Main.PRINT_PATH(Main.java:113)
	at metro.Main.PRINT_PATH(Main.java:113)
	at metro.Main.PRINT_PATH(Main.java:113)
	at metro.Main.PRINT_PATH(Main.java:113)
	at metro.Main.PRINT_PATH(Main.java:113)
	at metro.Main.PRINT_PATH(Main.java:113)
	at metro.Main.PRINT_PATH(Main.java:113)
	at metro.Main.PRINT_PATH(Main.java:113)
	at metro.Main.PRINT_PATH(Main.java:113)
	at metro.Main.PRINT_PATH(Main.java:113)
	at metro.Main.PRINT_PATH(Main.java:113)
	at metro.Main.PRINT_PATH(Main.java:113)
	at metro.Main.PRINT_PATH(Main.java:113)
	at metro.Main.PRINT_PATH(Main.java:113)
	at metro.Main.PRINT_PATH(Main.java:113)
	at metro.Main.PRINT_PATH(Main.java:113)
	at metro.Main.PRINT_PATH(Main.java:113)
	at metro.Main.PRINT_PATH(Main.java:113)
	at metro.Main.PRINT_PATH(Main.java:113)
	at metro.Main.PRINT_PATH(Main.java:113)
	at metro.Main.PRINT_PATH(Main.java:113)
	at metro.Main.PRINT_PATH(Main.java:113)
	at metro.Main.PRINT_PATH(Main.java:113)
	at metro.Main.PRINT_PATH(Main.java:113)
	at metro.Main.PRINT_PATH(Main.java:113)
	at metro.Main.PRINT_PATH(Main.java:113)
	at metro.Main.PRINT_PATH(Main.java:113)
	at metro.Main.PRINT_PATH(Main.java:113)
	at metro.Main.PRINT_PATH(Main.java:113)
	at metro.Main.PRINT_PATH(Main.java:113)
	at metro.Main.PRINT_PATH(Main.java:113)
	at metro.Main.PRINT_PATH(Main.java:113)
	at metro.Main.PRINT_PATH(Main.java:113)
	at metro.Main.PRINT_PATH(Main.java:113)
	at metro.Main.PRINT_PATH(Main.java:113)
	at metro.Main.PRINT_PATH(Main.java:113)
	at metro.Main.PRINT_PATH(Main.java:113)
	at metro.Main.PRINT_PATH(Main.java:113)
	at metro.Main.PRINT_PATH(Main.java:113)
	at metro.Main.PRINT_PATH(Main.java:113)
	at metro.Main.PRINT_PATH(Main.java:113)
	at metro.Main.PRINT_PATH(Main.java:113)
	at metro.Main.PRINT_PATH(Main.java:113)
	at metro.Main.PRINT_PATH(Main.java:113)
	at metro.Main.PRINT_PATH(Main.java:113)
	at metro.Main.PRINT_PATH(Main.java:113)
	at metro.Main.PRINT_PATH(Main.java:113)
	at metro.Main.PRINT_PATH(Main.java:113)
	at metro.Main.PRINT_PATH(Main.java:113)
	at metro.Main.PRINT_PATH(Main.java:113)
	at metro.Main.PRINT_PATH(Main.java:113)
	at metro.Main.PRINT_PATH(Main.java:113)
	at metro.Main.PRINT_PATH(Main.java:113)
	at metro.Main.PRINT_PATH(Main.java:113)
	at metro.Main.PRINT_PATH(Main.java:113)
	at metro.Main.PRINT_PATH(Main.java:113)
	at metro.Main.PRINT_PATH(Main.java:113)
	at metro.Main.PRINT_PATH(Main.java:113)
	at metro.Main.PRINT_PATH(Main.java:113)
	at metro.Main.PRINT_PATH(Main.java:113)
	at metro.Main.PRINT_PATH(Main.java:113)
	at metro.Main.PRINT_PATH(Main.java:113)
	at metro.Main.PRINT_PATH(Main.java:113)
	at metro.Main.PRINT_PATH(Main.java:113)
	at metro.Main.PRINT_PATH(Main.java:113)
	at metro.Main.PRINT_PATH(Main.java:113)
	at metro.Main.PRINT_PATH(Main.java:113)
	at metro.Main.PRINT_PATH(Main.java:113)
	at metro.Main.PRINT_PATH(Main.java:113)
	at metro.Main.PRINT_PATH(Main.java:113)
	at metro.Main.PRINT_PATH(Main.java:113)
	at metro.Main.PRINT_PATH(Main.java:113)
	at metro.Main.PRINT_PATH(Main.java:113)
	at metro.Main.PRINT_PATH(Main.java:113)
	at metro.Main.PRINT_PATH(Main.java:113)
	at metro.Main.PRINT_PATH(Main.java:113)
	at metro.Main.PRINT_PATH(Main.java:113)
	at metro.Main.PRINT_PATH(Main.java:113)
	at metro.Main.PRINT_PATH(Main.java:113)
	at metro.Main.PRINT_PATH(Main.java:113)
	at metro.Main.PRINT_PATH(Main.java:113)
	at metro.Main.PRINT_PATH(Main.java:113)
	at metro.Main.PRINT_PATH(Main.java:113)
	at metro.Main.PRINT_PATH(Main.java:113)
	at metro.Main.PRINT_PATH(Main.java:113)
	at metro.Main.PRINT_PATH(Main.java:113)
	at metro.Main.PRINT_PATH(Main.java:113)
	at metro.Main.PRINT_PATH(Main.java:113)
	at metro.Main.PRINT_PATH(Main.java:113)
	at metro.Main.PRINT_PATH(Main.java:113)
	at metro.Main.PRINT_PATH(Main.java:113)
	at metro.Main.PRINT_PATH(Main.java:113)
	at metro.Main.PRINT_PATH(Main.java:113)
	at metro.Main.PRINT_PATH(Main.java:113)
	at metro.Main.PRINT_PATH(Main.java:113)
	at metro.Main.PRINT_PATH(Main.java:113)
	at metro.Main.PRINT_PATH(Main.java:113)
	at metro.Main.PRINT_PATH(Main.java:113)
	at metro.Main.PRINT_PATH(Main.java:113)
	at metro.Main.PRINT_PATH(Main.java:113)
	at metro.Main.PRINT_PATH(Main.java:113)
	at metro.Main.PRINT_PATH(Main.java:113)
	at metro.Main.PRINT_PATH(Main.java:113)
	at metro.Main.PRINT_PATH(Main.java:113)
	at metro.Main.PRINT_PATH(Main.java:113)
	at metro.Main.PRINT_PATH(Main.java:113)
	at metro.Main.PRINT_PATH(Main.java:113)
	at metro.Main.PRINT_PATH(Main.java:113)
	at metro.Main.PRINT_PATH(Main.java:113)
	at metro.Main.PRINT_PATH(Main.java:113)
	at metro.Main.PRINT_PATH(Main.java:113)
	at metro.Main.PRINT_PATH(Main.java:113)
	at metro.Main.PRINT_PATH(Main.java:113)
	at metro.Main.PRINT_PATH(Main.java:113)
	at metro.Main.PRINT_PATH(Main.java:113)
	at metro.Main.PRINT_PATH(Main.java:113)
	at metro.Main.PRINT_PATH(Main.java:113)
	at metro.Main.PRINT_PATH(Main.java:113)
	at metro.Main.PRINT_PATH(Main.java:113)
	at metro.Main.PRINT_PATH(Main.java:113)
	at metro.Main.PRINT_PATH(Main.java:113)
	at metro.Main.PRINT_PATH(Main.java:113)
	at metro.Main.PRINT_PATH(Main.java:113)
	at metro.Main.PRINT_PATH(Main.java:113)
	at metro.Main.PRINT_PATH(Main.java:113)
	at metro.Main.PRINT_PATH(Main.java:113)
	at metro.Main.PRINT_PATH(Main.java:113)
	at metro.Main.PRINT_PATH(Main.java:113)
	at metro.Main.PRINT_PATH(Main.java:113)
	at metro.Main.PRINT_PATH(Main.java:113)
	at metro.Main.PRINT_PATH(Main.java:113)
	at metro.Main.PRINT_PATH(Main.java:113)
	at metro.Main.PRINT_PATH(Main.java:113)
	at metro.Main.PRINT_PATH(Main.java:113)
	at metro.Main.PRINT_PATH(Main.java:113)
	at metro.Main.PRINT_PATH(Main.java:113)
	at metro.Main.PRINT_PATH(Main.java:113)
	at metro.Main.PRINT_PATH(Main.java:113)
	at metro.Main.PRINT_PATH(Main.java:113)
	at metro.Main.PRINT_PATH(Main.java:113)
	at metro.Main.PRINT_PATH(Main.java:113)
	at metro.Main.PRINT_PATH(Main.java:113)
	at metro.Main.PRINT_PATH(Main.java:113)
	at metro.Main.PRINT_PATH(Main.java:113)
	at metro.Main.PRINT_PATH(Main.java:113)
	at metro.Main.PRINT_PATH(Main.java:113)
	at metro.Main.PRINT_PATH(Main.java:113)
	at metro.Main.PRINT_PATH(Main.java:113)
	at metro.Main.PRINT_PATH(Main.java:113)
	at metro.Main.PRINT_PATH(Main.java:113)
	at metro.Main.PRINT_PATH(Main.java:113)
	at metro.Main.PRINT_PATH(Main.java:113)
	at metro.Main.PRINT_PATH(Main.java:113)
	at metro.Main.PRINT_PATH(Main.java:113)
	at metro.Main.PRINT_PATH(Main.java:113)
	at metro.Main.PRINT_PATH(Main.java:113)
	at metro.Main.PRINT_PATH(Main.java:113)
	at metro.Main.PRINT_PATH(Main.java:113)
	at metro.Main.PRINT_PATH(Main.java:113)
	at metro.Main.PRINT_PATH(Main.java:113)
	at metro.Main.PRINT_PATH(Main.java:113)
	at metro.Main.PRINT_PATH(Main.java:113)
	at metro.Main.PRINT_PATH(Main.java:113)
	at metro.Main.PRINT_PATH(Main.java:113)
	at metro.Main.PRINT_PATH(Main.java:113)
	at metro.Main.PRINT_PATH(Main.java:113)
	at metro.Main.PRINT_PATH(Main.java:113)
	at metro.Main.PRINT_PATH(Main.java:113)
	at metro.Main.PRINT_PATH(Main.java:113)
	at metro.Main.PRINT_PATH(Main.java:113)
	at metro.Main.PRINT_PATH(Main.java:113)
	at metro.Main.PRINT_PATH(Main.java:113)
	at metro.Main.PRINT_PATH(Main.java:113)
	at metro.Main.PRINT_PATH(Main.java:113)
	at metro.Main.PRINT_PATH(Main.java:113)
	at metro.Main.PRINT_PATH(Main.java:113)
	at metro.Main.PRINT_PATH(Main.java:113)
	at metro.Main.PRINT_PATH(Main.java:113)
	at metro.Main.PRINT_PATH(Main.java:113)
	at metro.Main.PRINT_PATH(Main.java:113)
	at metro.Main.PRINT_PATH(Main.java:113)
	at metro.Main.PRINT_PATH(Main.java:113)
	at metro.Main.PRINT_PATH(Main.java:113)
	at metro.Main.PRINT_PATH(Main.java:113)
	at metro.Main.PRINT_PATH(Main.java:113)
	at metro.Main.PRINT_PATH(Main.java:113)
	at metro.Main.PRINT_PATH(Main.java:113)
	at metro.Main.PRINT_PATH(Main.java:113)
	at metro.Main.PRINT_PATH(Main.java:113)
	at metro.Main.PRINT_PATH(Main.java:113)
	at metro.Main.PRINT_PATH(Main.java:113)
	at metro.Main.PRINT_PATH(Main.java:113)
	at metro.Main.PRINT_PATH(Main.java:113)
	at metro.Main.PRINT_PATH(Main.java:113)
	at metro.Main.PRINT_PATH(Main.java:113)
	at metro.Main.PRINT_PATH(Main.java:113)
	at metro.Main.PRINT_PATH(Main.java:113)
	at metro.Main.PRINT_PATH(Main.java:113)
	at metro.Main.PRINT_PATH(Main.java:113)
	at metro.Main.PRINT_PATH(Main.java:113)
	at metro.Main.PRINT_PATH(Main.java:113)
	at metro.Main.PRINT_PATH(Main.java:113)
	at metro.Main.PRINT_PATH(Main.java:113)
	at metro.Main.PRINT_PATH(Main.java:113)
	at metro.Main.PRINT_PATH(Main.java:113)
	at metro.Main.PRINT_PATH(Main.java:113)
	at metro.Main.PRINT_PATH(Main.java:113)
	at metro.Main.PRINT_PATH(Main.java:113)
	at metro.Main.PRINT_PATH(Main.java:113)
	at metro.Main.PRINT_PATH(Main.java:113)
	at metro.Main.PRINT_PATH(Main.java:113)
	at metro.Main.PRINT_PATH(Main.java:113)
	at metro.Main.PRINT_PATH(Main.java:113)
	at metro.Main.PRINT_PATH(Main.java:113)
	at metro.Main.PRINT_PATH(Main.java:113)
	at metro.Main.PRINT_PATH(Main.java:113)
	at metro.Main.PRINT_PATH(Main.java:113)
	at metro.Main.PRINT_PATH(Main.java:113)
	at metro.Main.PRINT_PATH(Main.java:113)
	at metro.Main.PRINT_PATH(Main.java:113)
	at metro.Main.PRINT_PATH(Main.java:113)
	at metro.Main.PRINT_PATH(Main.java:113)
	at metro.Main.PRINT_PATH(Main.java:113)
	at metro.Main.PRINT_PATH(Main.java:113)
	at metro.Main.PRINT_PATH(Main.java:113)

Please find below the output of your program during this failed test.
Note that the '&gt;' character indicates the beginning of the input line.

---

Arguments: ./test/london.json

&gt; /fastest-route &quot;District line&quot; &quot;Richmond&quot; &quot;District line&quot; &quot;Gunnersbury&quot;
	at org.junit.Assert.fail(Assert.java:88)
	at org.hyperskill.hstest.stage.StageTest.start(StageTest.java:155)
	at java.base/jdk.internal.reflect.NativeMethodAccessorImpl.invoke0(Native Method)
	at java.base/jdk.internal.reflect.NativeMethodAccessorImpl.invoke(NativeMethodAccessorImpl.java:77)
	at java.base/jdk.internal.reflect.DelegatingMethodAccessorImpl.invoke(DelegatingMethodAccessorImpl.java:43)
	at java.base/java.lang.reflect.Method.invoke(Method.java:568)
	at org.junit.runners.model.FrameworkMethod$1.runReflectiveCall(FrameworkMethod.java:50)
	at org.junit.internal.runners.model.ReflectiveCallable.run(ReflectiveCallable.java:12)
	at org.junit.runners.model.FrameworkMethod.invokeExplosively(FrameworkMethod.java:47)
	at org.junit.internal.runners.statements.InvokeMethod.evaluate(InvokeMethod.java:17)
	at org.junit.runners.ParentRunner.runLeaf(ParentRunner.java:325)
	at org.junit.runners.BlockJUnit4ClassRunner.runChild(BlockJUnit4ClassRunner.java:78)
	at org.junit.runners.BlockJUnit4ClassRunner.runChild(BlockJUnit4ClassRunner.java:57)
	at org.junit.runners.ParentRunner$3.run(ParentRunner.java:290)
	at org.junit.runners.ParentRunner$1.schedule(ParentRunner.java:71)
	at org.junit.runners.ParentRunner.runChildren(ParentRunner.java:288)
	at org.junit.runners.ParentRunner.access$000(ParentRunner.java:58)
	at org.junit.runners.ParentRunner$2.evaluate(ParentRunner.java:268)
	at org.junit.runners.ParentRunner.run(ParentRunner.java:363)
	at org.gradle.api.internal.tasks.testing.junit.JUnitTestClassExecutor.runTestClass(JUnitTestClassExecutor.java:110)
	at org.gradle.api.internal.tasks.testing.junit.JUnitTestClassExecutor.execute(JUnitTestClassExecutor.java:58)
	at org.gradle.api.internal.tasks.testing.junit.JUnitTestClassExecutor.execute(JUnitTestClassExecutor.java:38)
	at org.gradle.api.internal.tasks.testing.junit.AbstractJUnitTestClassProcessor.processTestClass(AbstractJUnitTestClassProcessor.java:62)
	at org.gradle.api.internal.tasks.testing.SuiteTestClassProcessor.processTestClass(SuiteTestClassProcessor.java:51)
	at java.base/jdk.internal.reflect.NativeMethodAccessorImpl.invoke0(Native Method)
	at java.base/jdk.internal.reflect.NativeMethodAccessorImpl.invoke(NativeMethodAccessorImpl.java:77)
	at java.base/jdk.internal.reflect.DelegatingMethodAccessorImpl.invoke(DelegatingMethodAccessorImpl.java:43)
	at java.base/java.lang.reflect.Method.invoke(Method.java:568)
	at org.gradle.internal.dispatch.ReflectionDispatch.dispatch(ReflectionDispatch.java:36)
	at org.gradle.internal.dispatch.ReflectionDispatch.dispatch(ReflectionDispatch.java:24)
	at org.gradle.internal.dispatch.ContextClassLoaderDispatch.dispatch(ContextClassLoaderDispatch.java:33)
	at org.gradle.internal.dispatch.ProxyDispatchAdapter$DispatchingInvocationHandler.invoke(ProxyDispatchAdapter.java:94)
	at jdk.proxy1/jdk.proxy1.$Proxy2.processTestClass(Unknown Source)
	at org.gradle.api.internal.tasks.testing.worker.TestWorker.processTestClass(TestWorker.java:121)
	at java.base/jdk.internal.reflect.NativeMethodAccessorImpl.invoke0(Native Method)
	at java.base/jdk.internal.reflect.NativeMethodAccessorImpl.invoke(NativeMethodAccessorImpl.java:77)
	at java.base/jdk.internal.reflect.DelegatingMethodAccessorImpl.invoke(DelegatingMethodAccessorImpl.java:43)
	at java.base/java.lang.reflect.Method.invoke(Method.java:568)
	at org.gradle.internal.dispatch.ReflectionDispatch.dispatch(ReflectionDispatch.java:36)
	at org.gradle.internal.dispatch.ReflectionDispatch.dispatch(ReflectionDispatch.java:24)
	at org.gradle.internal.remote.internal.hub.MessageHubBackedObjectConnection$DispatchWrapper.dispatch(MessageHubBackedObjectConnection.java:182)
	at org.gradle.internal.remote.internal.hub.MessageHubBackedObjectConnection$DispatchWrapper.dispatch(MessageHubBackedObjectConnection.java:164)
	at org.gradle.internal.remote.internal.hub.MessageHub$Handler.run(MessageHub.java:414)
	at org.gradle.internal.concurrent.ExecutorPolicy$CatchAndRecordFailures.onExecute(ExecutorPolicy.java:64)
	at org.gradle.internal.concurrent.ManagedExecutorImpl$1.run(ManagedExecutorImpl.java:48)
	at java.base/java.util.concurrent.ThreadPoolExecutor.runWorker(ThreadPoolExecutor.java:1136)
	at java.base/java.util.concurrent.ThreadPoolExecutor$Worker.run(ThreadPoolExecutor.java:635)
	at org.gradle.internal.concurrent.ThreadFactoryImpl$ManagedThreadRunnable.run(ThreadFactoryImpl.java:56)
	at java.base/java.lang.Thread.run(Thread.java:833)
</failure>
  </testcase>
  <system-out><![CDATA[?[1;31m
Start test 1?[0m
> /route "Waterloo & City line" "Waterloo" "Waterloo & City line" "Bank"
Waterloo
Bank
?[1;31m
Start test 2?[0m
> /route "Victoria line" "Victoria" "Northern line" "Oval"
Victoria
Pimlico
Vauxhall
Stockwell
Northern line
Stockwell
Oval
?[1;31m
Start test 3?[0m
> /route "Victoria line" "Green Park" "Northern line" "Oval"
Green Park
Jubilee line
Green Park
Westminster
Waterloo
Northern line
Waterloo
Kennington
Oval
?[1;31m
Start test 4?[0m
> /route "Piccadilly line" "Heathrow Terminal 5" "Piccadilly line" "Hounslow West"
Heathrow Terminal 5
Heathrow Terminals 1-2-3
Hatton Cross
Hounslow West
?[1;31m
Start test 5?[0m
> /route "Piccadilly line" "Hatton Cross" "Piccadilly line" "Heathrow Terminal 4"
Hatton Cross
Heathrow Terminal 4
?[1;31m
Start test 6?[0m
> /fastest-route "District line" "Richmond" "District line" "Gunnersbury"
]]></system-out>
  <system-err><![CDATA[]]></system-err>
</testsuite>
